<?xml version="1.0" encoding="UTF-8"?>
<testsuite xmlns:xsi="http://www.w3.org/2001/XMLSchema-instance" xsi:noNamespaceSchemaLocation="https://maven.apache.org/surefire/maven-surefire-plugin/xsd/surefire-test-report-3.0.xsd" version="3.0" name="com.CustomerRelationshipManagementSystem.CustomerRelationshipManagementSystemApplicationTests" time="2.242" tests="1" errors="1" skipped="0" failures="0">
  <properties>
[...]
</properties>
  <testcase name="contextLoads" classname="com.CustomerRelationshipManagementSystem.CustomerRelationshipManagementSystemApplicationTests" time="0.005">
    <error message="Failed to load ApplicationContext for [WebMergedContextConfiguration@7615666e testClass = com.CustomerRelationshipManagementSystem.CustomerRelationshipManagementSystemApplicationTests, locations = [], classes = [com.CustomerRelationshipManagementSystem.CustomerRelationshipManagementSystemApplication], contextInitializerClasses = [], activeProfiles = [], propertySourceDescriptors = [], propertySourceProperties = [&quot;org.springframework.boot.test.context.SpringBootTestContextBootstrapper=true&quot;], contextCustomizers = [org.springframework.boot.test.context.filter.ExcludeFilterContextCustomizer@181e731e, org.springframework.boot.test.json.DuplicateJsonObjectContextCustomizerFactory$DuplicateJsonObjectContextCustomizer@17d88132, org.springframework.boot.test.mock.mockito.MockitoContextCustomizer@0, org.springframework.boot.test.web.client.TestRestTemplateContextCustomizer@3403e2ac, org.springframework.boot.test.autoconfigure.actuate.observability.ObservabilityContextCustomizerFactory$DisableObservabilityContextCustomizer@1f, org.springframework.boot.test.autoconfigure.properties.PropertyMappingContextCustomizer@0, org.springframework.boot.test.autoconfigure.web.servlet.WebDriverContextCustomizer@d41f816, org.springframework.boot.test.context.SpringBootTestAnnotation@90c5503d], resourceBasePath = &quot;src/main/webapp&quot;, contextLoader = org.springframework.boot.test.context.SpringBootContextLoader, parent = null]" type="java.lang.IllegalStateException"><![CDATA[java.lang.IllegalStateException: Failed to load ApplicationContext for [WebMergedContextConfiguration@7615666e testClass = com.CustomerRelationshipManagementSystem.CustomerRelationshipManagementSystemApplicationTests, locations = [], classes = [com.CustomerRelationshipManagementSystem.CustomerRelationshipManagementSystemApplication], contextInitializerClasses = [], activeProfiles = [], propertySourceDescriptors = [], propertySourceProperties = ["org.springframework.boot.test.context.SpringBootTestContextBootstrapper=true"], contextCustomizers = [org.springframework.boot.test.context.filter.ExcludeFilterContextCustomizer@181e731e, org.springframework.boot.test.json.DuplicateJsonObjectContextCustomizerFactory$DuplicateJsonObjectContextCustomizer@17d88132, org.springframework.boot.test.mock.mockito.MockitoContextCustomizer@0, org.springframework.boot.test.web.client.TestRestTemplateContextCustomizer@3403e2ac, org.springframework.boot.test.autoconfigure.actuate.observability.ObservabilityContextCustomizerFactory$DisableObservabilityContextCustomizer@1f, org.springframework.boot.test.autoconfigure.properties.PropertyMappingContextCustomizer@0, org.springframework.boot.test.autoconfigure.web.servlet.WebDriverContextCustomizer@d41f816, org.springframework.boot.test.context.SpringBootTestAnnotation@90c5503d], resourceBasePath = "src/main/webapp", contextLoader = org.springframework.boot.test.context.SpringBootContextLoader, parent = null]
	at org.springframework.test.context.cache.DefaultCacheAwareContextLoaderDelegate.loadContext(DefaultCacheAwareContextLoaderDelegate.java:180)
	at org.springframework.test.context.support.DefaultTestContext.getApplicationContext(DefaultTestContext.java:130)
	at org.springframework.test.context.web.ServletTestExecutionListener.setUpRequestContextIfNecessary(ServletTestExecutionListener.java:191)
	at org.springframework.test.context.web.ServletTestExecutionListener.prepareTestInstance(ServletTestExecutionListener.java:130)
	at org.springframework.test.context.TestContextManager.prepareTestInstance(TestContextManager.java:260)
	at org.springframework.test.context.junit.jupiter.SpringExtension.postProcessTestInstance(SpringExtension.java:163)
	at java.base/java.util.stream.ReferencePipeline$3$1.accept(ReferencePipeline.java:212)
	at java.base/java.util.stream.ReferencePipeline$2$1.accept(ReferencePipeline.java:194)
	at java.base/java.util.ArrayList$ArrayListSpliterator.forEachRemaining(ArrayList.java:1709)
	at java.base/java.util.stream.AbstractPipeline.copyInto(AbstractPipeline.java:556)
	at java.base/java.util.stream.AbstractPipeline.wrapAndCopyInto(AbstractPipeline.java:546)
	at java.base/java.util.stream.StreamSpliterators$WrappingSpliterator.forEachRemaining(StreamSpliterators.java:310)
	at java.base/java.util.stream.Streams$ConcatSpliterator.forEachRemaining(Streams.java:735)
	at java.base/java.util.stream.Streams$ConcatSpliterator.forEachRemaining(Streams.java:734)
	at java.base/java.util.stream.ReferencePipeline$Head.forEach(ReferencePipeline.java:782)
	at java.base/java.util.Optional.orElseGet(Optional.java:364)
	at java.base/java.util.ArrayList.forEach(ArrayList.java:1597)
	at java.base/java.util.ArrayList.forEach(ArrayList.java:1597)
Caused by: org.springframework.beans.factory.UnsatisfiedDependencyException: Error creating bean with name 'customerController': Unsatisfied dependency expressed through field 'customerService': No qualifying bean of type 'com.CustomerRelationshipManagementSystem.service.CustomerService' available: expected at least 1 bean which qualifies as autowire candidate. Dependency annotations: {@org.springframework.beans.factory.annotation.Autowired(required=true)}
	at org.springframework.beans.factory.annotation.AutowiredAnnotationBeanPostProcessor$AutowiredFieldElement.resolveFieldValue(AutowiredAnnotationBeanPostProcessor.java:787)
	at org.springframework.beans.factory.annotation.AutowiredAnnotationBeanPostProcessor$AutowiredFieldElement.inject(AutowiredAnnotationBeanPostProcessor.java:767)
	at org.springframework.beans.factory.annotation.InjectionMetadata.inject(InjectionMetadata.java:145)
	at org.springframework.beans.factory.annotation.AutowiredAnnotationBeanPostProcessor.postProcessProperties(AutowiredAnnotationBeanPostProcessor.java:508)
	at org.springframework.beans.factory.support.AbstractAutowireCapableBeanFactory.populateBean(AbstractAutowireCapableBeanFactory.java:1421)
	at org.springframework.beans.factory.support.AbstractAutowireCapableBeanFactory.doCreateBean(AbstractAutowireCapableBeanFactory.java:599)
	at org.springframework.beans.factory.support.AbstractAutowireCapableBeanFactory.createBean(AbstractAutowireCapableBeanFactory.java:522)
	at org.springframework.beans.factory.support.AbstractBeanFactory.lambda$doGetBean$0(AbstractBeanFactory.java:337)
	at org.springframework.beans.factory.support.DefaultSingletonBeanRegistry.getSingleton(DefaultSingletonBeanRegistry.java:234)
	at org.springframework.beans.factory.support.AbstractBeanFactory.doGetBean(AbstractBeanFactory.java:335)
	at org.springframework.beans.factory.support.AbstractBeanFactory.getBean(AbstractBeanFactory.java:200)
	at org.springframework.beans.factory.support.DefaultListableBeanFactory.preInstantiateSingletons(DefaultListableBeanFactory.java:975)
	at org.springframework.context.support.AbstractApplicationContext.finishBeanFactoryInitialization(AbstractApplicationContext.java:962)
	at org.springframework.context.support.AbstractApplicationContext.refresh(AbstractApplicationContext.java:624)
	at org.springframework.boot.SpringApplication.refresh(SpringApplication.java:754)
	at org.springframework.boot.SpringApplication.refreshContext(SpringApplication.java:456)
	at org.springframework.boot.SpringApplication.run(SpringApplication.java:335)
	at org.springframework.boot.test.context.SpringBootContextLoader.lambda$loadContext$3(SpringBootContextLoader.java:137)
	at org.springframework.util.function.ThrowingSupplier.get(ThrowingSupplier.java:58)
	at org.springframework.util.function.ThrowingSupplier.get(ThrowingSupplier.java:46)
	at org.springframework.boot.SpringApplication.withHook(SpringApplication.java:1463)
	at org.springframework.boot.test.context.SpringBootContextLoader$ContextLoaderHook.run(SpringBootContextLoader.java:553)
	at org.springframework.boot.test.context.SpringBootContextLoader.loadContext(SpringBootContextLoader.java:137)
	at org.springframework.boot.test.context.SpringBootContextLoader.loadContext(SpringBootContextLoader.java:108)
	at org.springframework.test.context.cache.DefaultCacheAwareContextLoaderDelegate.loadContextInternal(DefaultCacheAwareContextLoaderDelegate.java:225)
	at org.springframework.test.context.cache.DefaultCacheAwareContextLoaderDelegate.loadContext(DefaultCacheAwareContextLoaderDelegate.java:152)
	... 17 more
Caused by: org.springframework.beans.factory.NoSuchBeanDefinitionException: No qualifying bean of type 'com.CustomerRelationshipManagementSystem.service.CustomerService' available: expected at least 1 bean which qualifies as autowire candidate. Dependency annotations: {@org.springframework.beans.factory.annotation.Autowired(required=true)}
	at org.springframework.beans.factory.support.DefaultListableBeanFactory.raiseNoMatchingBeanFound(DefaultListableBeanFactory.java:1880)
	at org.springframework.beans.factory.support.DefaultListableBeanFactory.doResolveDependency(DefaultListableBeanFactory.java:1406)
	at org.springframework.beans.factory.support.DefaultListableBeanFactory.resolveDependency(DefaultListableBeanFactory.java:1353)
	at org.springframework.beans.factory.annotation.AutowiredAnnotationBeanPostProcessor$AutowiredFieldElement.resolveFieldValue(AutowiredAnnotationBeanPostProcessor.java:784)
	... 42 more
]]></error>
    <system-out><![CDATA[2024-05-24 19:29:40 - Neither @ContextConfiguration nor @ContextHierarchy found for test class [CustomerRelationshipManagementSystemApplicationTests]: using SpringBootContextLoader
2024-05-24 19:29:40 - Could not detect default resource locations for test class [com.CustomerRelationshipManagementSystem.CustomerRelationshipManagementSystemApplicationTests]: no resource found for suffixes {-context.xml, Context.groovy}.
2024-05-24 19:29:40 - Could not detect default configuration classes for test class [com.CustomerRelationshipManagementSystem.CustomerRelationshipManagementSystemApplicationTests]: CustomerRelationshipManagementSystemApplicationTests does not declare any static, non-private, non-final, nested classes annotated with @Configuration.
2024-05-24 19:29:40 - Using ContextCustomizerFactory implementations for test class [CustomerRelationshipManagementSystemApplicationTests]: [ImportsContextCustomizerFactory, ExcludeFilterContextCustomizerFactory, HttpGraphQlTesterContextCustomizerFactory, DuplicateJsonObjectContextCustomizerFactory, MockitoContextCustomizerFactory, TestRestTemplateContextCustomizerFactory, WebTestClientContextCustomizerFactory, OverrideAutoConfigurationContextCustomizerFactory, ObservabilityContextCustomizerFactory, TypeExcludeFiltersContextCustomizerFactory, PropertyMappingContextCustomizerFactory, WebDriverContextCustomizerFactory, MockServerContainerContextCustomizerFactory, DynamicPropertiesContextCustomizerFactory]
2024-05-24 19:29:40 - Using ContextCustomizers for test class [CustomerRelationshipManagementSystemApplicationTests]: [ExcludeFilterContextCustomizer, DuplicateJsonObjectContextCustomizer, MockitoContextCustomizer, TestRestTemplateContextCustomizer, DisableObservabilityContextCustomizer, PropertyMappingContextCustomizer, WebDriverContextCustomizer]
2024-05-24 19:29:40 - Identified candidate component class: file [/Users/shivaramakrishnan/Desktop/Projects/Java_Projects/Customer_Relationship_Management_System/CustomerRelationshipManagementSystem/target/classes/com/CustomerRelationshipManagementSystem/CustomerRelationshipManagementSystemApplication.class]
2024-05-24 19:29:40 - Found @SpringBootConfiguration com.CustomerRelationshipManagementSystem.CustomerRelationshipManagementSystemApplication for test class com.CustomerRelationshipManagementSystem.CustomerRelationshipManagementSystemApplicationTests
2024-05-24 19:29:40 - Skipping candidate TestExecutionListener [org.springframework.test.context.observation.MicrometerObservationRegistryTestExecutionListener] due to a missing dependency. Specify custom TestExecutionListener classes or make the default TestExecutionListener classes and their required dependencies available. Offending class: io.micrometer.context.ThreadLocalAccessor. MicrometerObservationRegistryTestExecutionListener requires io.micrometer:micrometer-observation:1.10.8 or higher and io.micrometer:context-propagation:1.0.3 or higher.
2024-05-24 19:29:40 - Using TestExecutionListeners for test class [CustomerRelationshipManagementSystemApplicationTests]: [ServletTestExecutionListener, DirtiesContextBeforeModesTestExecutionListener, ApplicationEventsTestExecutionListener, MockitoTestExecutionListener, DependencyInjectionTestExecutionListener, DirtiesContextTestExecutionListener, TransactionalTestExecutionListener, SqlScriptsTestExecutionListener, EventPublishingTestExecutionListener, ResetMocksTestExecutionListener, RestDocsTestExecutionListener, MockRestServiceServerResetTestExecutionListener, MockMvcPrintOnlyOnFailureTestExecutionListener, WebDriverTestExecutionListener, MockWebServiceServerTestExecutionListener]
2024-05-24 19:29:40 - Before test class: class [CustomerRelationshipManagementSystemApplicationTests], class annotated with @DirtiesContext [false] with mode [null]
2024-05-24 19:29:40 - Restart disabled due to context in which it is running

  .   ____          _            __ _ _
 /\\ / ___'_ __ _ _(_)_ __  __ _ \ \ \ \
( ( )\___ | '_ | '_| | '_ \/ _` | \ \ \ \
 \\/  ___)| |_)| | | | | || (_| |  ) ) ) )
  '  |____| .__|_| |_|_| |_\__, | / / / /
 =========|_|==============|___/=/_/_/_/
 :: Spring Boot ::                (v3.2.6)

2024-05-24 19:29:40 - Starting CustomerRelationshipManagementSystemApplicationTests using Java 22.0.1 with PID 92066 (started by shivaramakrishnan in /Users/shivaramakrishnan/Desktop/Projects/Java_Projects/Customer_Relationship_Management_System/CustomerRelationshipManagementSystem)
2024-05-24 19:29:40 - Running with Spring Boot v3.2.6, Spring v6.1.8
2024-05-24 19:29:40 - No active profile set, falling back to 1 default profile: "default"
2024-05-24 19:29:40 - Loading source class com.CustomerRelationshipManagementSystem.CustomerRelationshipManagementSystemApplication
2024-05-24 19:29:41 - Refreshing org.springframework.web.context.support.GenericWebApplicationContext@60222fd8
2024-05-24 19:29:41 - Creating shared instance of singleton bean 'org.springframework.context.annotation.internalConfigurationAnnotationProcessor'
2024-05-24 19:29:41 - Creating shared instance of singleton bean 'org.springframework.boot.autoconfigure.internalCachingMetadataReaderFactory'
2024-05-24 19:29:41 - Identified candidate component class: file [/Users/shivaramakrishnan/Desktop/Projects/Java_Projects/Customer_Relationship_Management_System/CustomerRelationshipManagementSystem/target/classes/com/CustomerRelationshipManagementSystem/controller/CustomerController.class]
2024-05-24 19:29:41 - Bootstrapping Spring Data JPA repositories in DEFAULT mode.
2024-05-24 19:29:41 - Creating shared instance of singleton bean 'org.springframework.boot.autoconfigure.AutoConfigurationPackages'
2024-05-24 19:29:41 - @EnableAutoConfiguration was declared on a class in the package 'com.CustomerRelationshipManagementSystem'. Automatic @Repository and @Entity scanning is enabled.
2024-05-24 19:29:41 - Scanning for JPA repositories in packages com.CustomerRelationshipManagementSystem.
2024-05-24 19:29:41 - Finished Spring Data repository scanning in 2 ms. Found 0 JPA repository interfaces.
2024-05-24 19:29:41 - Creating shared instance of singleton bean 'propertySourcesPlaceholderConfigurer'
2024-05-24 19:29:41 - Creating shared instance of singleton bean 'org.springframework.boot.test.mock.mockito.MockitoPostProcessor'
2024-05-24 19:29:41 - Creating shared instance of singleton bean 'emBeanDefinitionRegistrarPostProcessor'
2024-05-24 19:29:41 - Creating shared instance of singleton bean 'org.springframework.boot.sql.init.dependency.DatabaseInitializationDependencyConfigurer$DependsOnDatabaseInitializationPostProcessor'
2024-05-24 19:29:41 - Creating shared instance of singleton bean 'org.springframework.context.event.internalEventListenerProcessor'
2024-05-24 19:29:41 - Creating shared instance of singleton bean 'preserveErrorControllerTargetClassPostProcessor'
2024-05-24 19:29:41 - Creating shared instance of singleton bean 'org.springframework.context.event.internalEventListenerFactory'
2024-05-24 19:29:41 - Creating shared instance of singleton bean 'org.springframework.transaction.config.internalTransactionalEventListenerFactory'
2024-05-24 19:29:41 - Creating shared instance of singleton bean 'org.springframework.boot.test.mock.mockito.MockitoPostProcessor$SpyPostProcessor'
2024-05-24 19:29:41 - Creating shared instance of singleton bean 'org.springframework.context.annotation.internalAutowiredAnnotationProcessor'
2024-05-24 19:29:41 - Creating shared instance of singleton bean 'org.springframework.context.annotation.internalCommonAnnotationProcessor'
2024-05-24 19:29:41 - Creating shared instance of singleton bean 'org.springframework.context.annotation.internalPersistenceAnnotationProcessor'
2024-05-24 19:29:41 - Creating shared instance of singleton bean 'org.springframework.boot.context.properties.ConfigurationPropertiesBindingPostProcessor'
2024-05-24 19:29:41 - Creating shared instance of singleton bean 'org.springframework.boot.context.internalConfigurationPropertiesBinder'
2024-05-24 19:29:41 - Creating shared instance of singleton bean 'jdbcConnectionDetailsHikariBeanPostProcessor'
2024-05-24 19:29:41 - Creating shared instance of singleton bean 'org.springframework.aop.config.internalAutoProxyCreator'
2024-05-24 19:29:41 - Creating shared instance of singleton bean 'persistenceExceptionTranslationPostProcessor'
2024-05-24 19:29:41 - Autowiring by type from bean name 'persistenceExceptionTranslationPostProcessor' via factory method to bean named 'environment'
2024-05-24 19:29:41 - Creating shared instance of singleton bean 'webServerFactoryCustomizerBeanPostProcessor'
2024-05-24 19:29:41 - Creating shared instance of singleton bean 'errorPageRegistrarBeanPostProcessor'
2024-05-24 19:29:41 - Creating shared instance of singleton bean 'projectingArgumentResolverBeanPostProcessor'
2024-05-24 19:29:41 - Creating shared instance of singleton bean 'org.springframework.transaction.config.internalTransactionAdvisor'
2024-05-24 19:29:41 - Creating shared instance of singleton bean 'org.springframework.transaction.annotation.ProxyTransactionManagementConfiguration'
2024-05-24 19:29:41 - Creating shared instance of singleton bean 'transactionAttributeSource'
2024-05-24 19:29:41 - Creating shared instance of singleton bean 'transactionInterceptor'
2024-05-24 19:29:41 - Autowiring by type from bean name 'transactionInterceptor' via factory method to bean named 'transactionAttributeSource'
2024-05-24 19:29:41 - Autowiring by type from bean name 'org.springframework.transaction.config.internalTransactionAdvisor' via factory method to bean named 'transactionAttributeSource'
2024-05-24 19:29:41 - Autowiring by type from bean name 'org.springframework.transaction.config.internalTransactionAdvisor' via factory method to bean named 'transactionInterceptor'
2024-05-24 19:29:41 - Unable to locate ThemeSource with name 'themeSource': using default [org.springframework.ui.context.support.ResourceBundleThemeSource@705a8dbc]
2024-05-24 19:29:41 - Creating shared instance of singleton bean 'dataSourceScriptDatabaseInitializer'
2024-05-24 19:29:41 - Creating shared instance of singleton bean 'org.springframework.boot.autoconfigure.sql.init.DataSourceInitializationConfiguration'
2024-05-24 19:29:41 - Creating shared instance of singleton bean 'dataSource'
2024-05-24 19:29:41 - Creating shared instance of singleton bean 'org.springframework.boot.autoconfigure.jdbc.DataSourceConfiguration$Hikari'
2024-05-24 19:29:41 - Creating shared instance of singleton bean 'spring.datasource-org.springframework.boot.autoconfigure.jdbc.DataSourceProperties'
2024-05-24 19:29:41 - Creating shared instance of singleton bean 'org.springframework.boot.context.properties.BoundConfigurationProperties'
2024-05-24 19:29:41 - Creating shared instance of singleton bean 'jdbcConnectionDetails'
2024-05-24 19:29:41 - Creating shared instance of singleton bean 'org.springframework.boot.autoconfigure.jdbc.DataSourceAutoConfiguration$PooledDataSourceConfiguration'
2024-05-24 19:29:41 - Autowiring by type from bean name 'jdbcConnectionDetails' via factory method to bean named 'spring.datasource-org.springframework.boot.autoconfigure.jdbc.DataSourceProperties'
2024-05-24 19:29:41 - Autowiring by type from bean name 'dataSource' via factory method to bean named 'spring.datasource-org.springframework.boot.autoconfigure.jdbc.DataSourceProperties'
2024-05-24 19:29:41 - Autowiring by type from bean name 'dataSource' via factory method to bean named 'jdbcConnectionDetails'
2024-05-24 19:29:41 - Driver class com.mysql.cj.jdbc.Driver found in Thread context class loader jdk.internal.loader.ClassLoaders$AppClassLoader@18769467
2024-05-24 19:29:41 - Creating shared instance of singleton bean 'spring.sql.init-org.springframework.boot.autoconfigure.sql.init.SqlInitializationProperties'
2024-05-24 19:29:41 - Autowiring by type from bean name 'dataSourceScriptDatabaseInitializer' via factory method to bean named 'dataSource'
2024-05-24 19:29:41 - Autowiring by type from bean name 'dataSourceScriptDatabaseInitializer' via factory method to bean named 'spring.sql.init-org.springframework.boot.autoconfigure.sql.init.SqlInitializationProperties'
2024-05-24 19:29:41 - Creating shared instance of singleton bean 'entityManagerFactory'
2024-05-24 19:29:41 - Creating shared instance of singleton bean 'org.springframework.boot.autoconfigure.orm.jpa.HibernateJpaConfiguration'
2024-05-24 19:29:41 - Creating shared instance of singleton bean 'spring.jpa-org.springframework.boot.autoconfigure.orm.jpa.JpaProperties'
2024-05-24 19:29:41 - Creating shared instance of singleton bean 'spring.jpa.hibernate-org.springframework.boot.autoconfigure.orm.jpa.HibernateProperties'
2024-05-24 19:29:41 - Autowiring by type from bean name 'org.springframework.boot.autoconfigure.orm.jpa.HibernateJpaConfiguration' via constructor to bean named 'dataSource'
2024-05-24 19:29:41 - Autowiring by type from bean name 'org.springframework.boot.autoconfigure.orm.jpa.HibernateJpaConfiguration' via constructor to bean named 'spring.jpa-org.springframework.boot.autoconfigure.orm.jpa.JpaProperties'
2024-05-24 19:29:41 - Autowiring by type from bean name 'org.springframework.boot.autoconfigure.orm.jpa.HibernateJpaConfiguration' via constructor to bean named 'org.springframework.beans.factory.support.DefaultListableBeanFactory@715fb77'
2024-05-24 19:29:41 - Autowiring by type from bean name 'org.springframework.boot.autoconfigure.orm.jpa.HibernateJpaConfiguration' via constructor to bean named 'spring.jpa.hibernate-org.springframework.boot.autoconfigure.orm.jpa.HibernateProperties'
2024-05-24 19:29:41 - Creating shared instance of singleton bean 'hikariPoolDataSourceMetadataProvider'
2024-05-24 19:29:41 - Creating shared instance of singleton bean 'org.springframework.boot.autoconfigure.jdbc.metadata.DataSourcePoolMetadataProvidersConfiguration$HikariPoolDataSourceMetadataProviderConfiguration'
2024-05-24 19:29:41 - Creating shared instance of singleton bean 'entityManagerFactoryBuilder'
2024-05-24 19:29:41 - Creating shared instance of singleton bean 'jpaVendorAdapter'
2024-05-24 19:29:41 - Logging Provider: org.jboss.logging.Slf4jLoggerProvider found via system property
2024-05-24 19:29:41 - Autowiring by type from bean name 'entityManagerFactoryBuilder' via factory method to bean named 'jpaVendorAdapter'
2024-05-24 19:29:41 - Creating shared instance of singleton bean 'persistenceManagedTypes'
2024-05-24 19:29:41 - Autowiring by type from bean name 'persistenceManagedTypes' via factory method to bean named 'org.springframework.beans.factory.support.DefaultListableBeanFactory@715fb77'
2024-05-24 19:29:41 - Autowiring by type from bean name 'persistenceManagedTypes' via factory method to bean named 'org.springframework.web.context.support.GenericWebApplicationContext@60222fd8'
2024-05-24 19:29:41 - Autowiring by type from bean name 'entityManagerFactory' via factory method to bean named 'entityManagerFactoryBuilder'
2024-05-24 19:29:41 - Autowiring by type from bean name 'entityManagerFactory' via factory method to bean named 'persistenceManagedTypes'
2024-05-24 19:29:41 - Building JPA container EntityManagerFactory for persistence unit 'default'
2024-05-24 19:29:41 - PersistenceUnitInfo [
	name: default
	persistence provider classname: null
	classloader: jdk.internal.loader.ClassLoaders$AppClassLoader@18769467
	excludeUnlistedClasses: true
	JTA datasource: null
	Non JTA datasource: HikariDataSource (null)
	Transaction type: RESOURCE_LOCAL
	PU root URL: file:/Users/shivaramakrishnan/Desktop/Projects/Java_Projects/Customer_Relationship_Management_System/CustomerRelationshipManagementSystem/target/test-classes/
	Shared Cache Mode: UNSPECIFIED
	Validation Mode: AUTO
	Jar files URLs []
	Managed classes names [
		com.CustomerRelationshipManagementSystem.entity.Customer]
	Mapping files names []
	Properties []
2024-05-24 19:29:41 - Adding Integrator [org.hibernate.boot.beanvalidation.BeanValidationIntegrator].
2024-05-24 19:29:41 - Adding Integrator [org.hibernate.cache.internal.CollectionCacheInvalidator].
2024-05-24 19:29:41 - HHH000412: Hibernate ORM core version 6.4.8.Final
2024-05-24 19:29:41 - HHH000206: 'hibernate.properties' not found
2024-05-24 19:29:41 - Registering IdentifierGenerator strategy [uuid2] -> [org.hibernate.id.UUIDGenerator]
2024-05-24 19:29:41 - Registering IdentifierGenerator strategy [guid] -> [org.hibernate.id.GUIDGenerator]
2024-05-24 19:29:41 - Registering IdentifierGenerator strategy [uuid] -> [org.hibernate.id.UUIDHexGenerator]
2024-05-24 19:29:41 - Registering IdentifierGenerator strategy [uuid.hex] -> [org.hibernate.id.UUIDHexGenerator]
2024-05-24 19:29:41 - Registering IdentifierGenerator strategy [assigned] -> [org.hibernate.id.Assigned]
2024-05-24 19:29:41 - Registering IdentifierGenerator strategy [identity] -> [org.hibernate.id.IdentityGenerator]
2024-05-24 19:29:41 - Registering IdentifierGenerator strategy [select] -> [org.hibernate.id.SelectGenerator]
2024-05-24 19:29:41 - Registering IdentifierGenerator strategy [sequence] -> [org.hibernate.id.enhanced.SequenceStyleGenerator]
2024-05-24 19:29:41 - Registering IdentifierGenerator strategy [increment] -> [org.hibernate.id.IncrementGenerator]
2024-05-24 19:29:41 - Registering IdentifierGenerator strategy [foreign] -> [org.hibernate.id.ForeignGenerator]
2024-05-24 19:29:41 - Registering IdentifierGenerator strategy [enhanced-sequence] -> [org.hibernate.id.enhanced.SequenceStyleGenerator]
2024-05-24 19:29:41 - Registering IdentifierGenerator strategy [enhanced-table] -> [org.hibernate.id.enhanced.TableGenerator]
2024-05-24 19:29:41 - Cannot default RegionFactory based on registered strategies as `[]` RegionFactory strategies were registered
2024-05-24 19:29:41 - HHH000026: Second-level cache disabled
2024-05-24 19:29:41 - Adding type registration boolean -> org.hibernate.type.BasicTypeReference@38fb50f8
2024-05-24 19:29:41 - Adding type registration boolean -> org.hibernate.type.BasicTypeReference@38fb50f8
2024-05-24 19:29:41 - Adding type registration java.lang.Boolean -> org.hibernate.type.BasicTypeReference@38fb50f8
2024-05-24 19:29:41 - Adding type registration numeric_boolean -> org.hibernate.type.BasicTypeReference@7ab802f4
2024-05-24 19:29:41 - Adding type registration org.hibernate.type.NumericBooleanConverter -> org.hibernate.type.BasicTypeReference@7ab802f4
2024-05-24 19:29:41 - Adding type registration true_false -> org.hibernate.type.BasicTypeReference@608cd501
2024-05-24 19:29:41 - Adding type registration org.hibernate.type.TrueFalseConverter -> org.hibernate.type.BasicTypeReference@608cd501
2024-05-24 19:29:41 - Adding type registration yes_no -> org.hibernate.type.BasicTypeReference@3b97907c
2024-05-24 19:29:41 - Adding type registration org.hibernate.type.YesNoConverter -> org.hibernate.type.BasicTypeReference@3b97907c
2024-05-24 19:29:41 - Adding type registration byte -> org.hibernate.type.BasicTypeReference@59096b66
2024-05-24 19:29:41 - Adding type registration byte -> org.hibernate.type.BasicTypeReference@59096b66
2024-05-24 19:29:41 - Adding type registration java.lang.Byte -> org.hibernate.type.BasicTypeReference@59096b66
2024-05-24 19:29:41 - Adding type registration binary -> org.hibernate.type.BasicTypeReference@631c6d11
2024-05-24 19:29:41 - Adding type registration byte[] -> org.hibernate.type.BasicTypeReference@631c6d11
2024-05-24 19:29:41 - Adding type registration [B -> org.hibernate.type.BasicTypeReference@631c6d11
2024-05-24 19:29:41 - Adding type registration binary_wrapper -> org.hibernate.type.BasicTypeReference@65be88ae
2024-05-24 19:29:41 - Adding type registration wrapper-binary -> org.hibernate.type.BasicTypeReference@65be88ae
2024-05-24 19:29:41 - Adding type registration image -> org.hibernate.type.BasicTypeReference@62ade015
2024-05-24 19:29:41 - Adding type registration blob -> org.hibernate.type.BasicTypeReference@70ede57d
2024-05-24 19:29:41 - Adding type registration java.sql.Blob -> org.hibernate.type.BasicTypeReference@70ede57d
2024-05-24 19:29:41 - Adding type registration materialized_blob -> org.hibernate.type.BasicTypeReference@70997a94
2024-05-24 19:29:41 - Adding type registration materialized_blob_wrapper -> org.hibernate.type.BasicTypeReference@61f377d1
2024-05-24 19:29:41 - Adding type registration short -> org.hibernate.type.BasicTypeReference@6c538eb2
2024-05-24 19:29:41 - Adding type registration short -> org.hibernate.type.BasicTypeReference@6c538eb2
2024-05-24 19:29:41 - Adding type registration java.lang.Short -> org.hibernate.type.BasicTypeReference@6c538eb2
2024-05-24 19:29:41 - Adding type registration integer -> org.hibernate.type.BasicTypeReference@738a5848
2024-05-24 19:29:41 - Adding type registration int -> org.hibernate.type.BasicTypeReference@738a5848
2024-05-24 19:29:41 - Adding type registration java.lang.Integer -> org.hibernate.type.BasicTypeReference@738a5848
2024-05-24 19:29:41 - Adding type registration long -> org.hibernate.type.BasicTypeReference@487cd177
2024-05-24 19:29:41 - Adding type registration long -> org.hibernate.type.BasicTypeReference@487cd177
2024-05-24 19:29:41 - Adding type registration java.lang.Long -> org.hibernate.type.BasicTypeReference@487cd177
2024-05-24 19:29:41 - Adding type registration float -> org.hibernate.type.BasicTypeReference@324b6a56
2024-05-24 19:29:41 - Adding type registration float -> org.hibernate.type.BasicTypeReference@324b6a56
2024-05-24 19:29:41 - Adding type registration java.lang.Float -> org.hibernate.type.BasicTypeReference@324b6a56
2024-05-24 19:29:41 - Adding type registration double -> org.hibernate.type.BasicTypeReference@421d54b3
2024-05-24 19:29:41 - Adding type registration double -> org.hibernate.type.BasicTypeReference@421d54b3
2024-05-24 19:29:41 - Adding type registration java.lang.Double -> org.hibernate.type.BasicTypeReference@421d54b3
2024-05-24 19:29:41 - Adding type registration big_integer -> org.hibernate.type.BasicTypeReference@63f40ca0
2024-05-24 19:29:41 - Adding type registration java.math.BigInteger -> org.hibernate.type.BasicTypeReference@63f40ca0
2024-05-24 19:29:41 - Adding type registration big_decimal -> org.hibernate.type.BasicTypeReference@4dad8ec0
2024-05-24 19:29:41 - Adding type registration java.math.BigDecimal -> org.hibernate.type.BasicTypeReference@4dad8ec0
2024-05-24 19:29:41 - Adding type registration character -> org.hibernate.type.BasicTypeReference@24dd44f9
2024-05-24 19:29:41 - Adding type registration char -> org.hibernate.type.BasicTypeReference@24dd44f9
2024-05-24 19:29:41 - Adding type registration java.lang.Character -> org.hibernate.type.BasicTypeReference@24dd44f9
2024-05-24 19:29:41 - Adding type registration character_nchar -> org.hibernate.type.BasicTypeReference@ccd341d
2024-05-24 19:29:41 - Adding type registration string -> org.hibernate.type.BasicTypeReference@4f1fb828
2024-05-24 19:29:41 - Adding type registration java.lang.String -> org.hibernate.type.BasicTypeReference@4f1fb828
2024-05-24 19:29:41 - Adding type registration nstring -> org.hibernate.type.BasicTypeReference@6ee5f485
2024-05-24 19:29:41 - Adding type registration characters -> org.hibernate.type.BasicTypeReference@20d19f2c
2024-05-24 19:29:41 - Adding type registration char[] -> org.hibernate.type.BasicTypeReference@20d19f2c
2024-05-24 19:29:41 - Adding type registration [C -> org.hibernate.type.BasicTypeReference@20d19f2c
2024-05-24 19:29:41 - Adding type registration wrapper-characters -> org.hibernate.type.BasicTypeReference@45592af7
2024-05-24 19:29:41 - Adding type registration text -> org.hibernate.type.BasicTypeReference@77b5148c
2024-05-24 19:29:41 - Adding type registration ntext -> org.hibernate.type.BasicTypeReference@36359723
2024-05-24 19:29:41 - Adding type registration clob -> org.hibernate.type.BasicTypeReference@1ab14636
2024-05-24 19:29:41 - Adding type registration java.sql.Clob -> org.hibernate.type.BasicTypeReference@1ab14636
2024-05-24 19:29:41 - Adding type registration nclob -> org.hibernate.type.BasicTypeReference@16b3c905
2024-05-24 19:29:41 - Adding type registration java.sql.NClob -> org.hibernate.type.BasicTypeReference@16b3c905
2024-05-24 19:29:41 - Adding type registration materialized_clob -> org.hibernate.type.BasicTypeReference@49fdbe2b
2024-05-24 19:29:41 - Adding type registration materialized_clob_char_array -> org.hibernate.type.BasicTypeReference@53eba4b8
2024-05-24 19:29:41 - Adding type registration materialized_clob_character_array -> org.hibernate.type.BasicTypeReference@437bd805
2024-05-24 19:29:41 - Adding type registration materialized_nclob -> org.hibernate.type.BasicTypeReference@4b88ca8e
2024-05-24 19:29:41 - Adding type registration materialized_nclob_character_array -> org.hibernate.type.BasicTypeReference@6fa02932
2024-05-24 19:29:41 - Adding type registration materialized_nclob_char_array -> org.hibernate.type.BasicTypeReference@61608e1a
2024-05-24 19:29:41 - Adding type registration Duration -> org.hibernate.type.BasicTypeReference@7c46c9c3
2024-05-24 19:29:41 - Adding type registration java.time.Duration -> org.hibernate.type.BasicTypeReference@7c46c9c3
2024-05-24 19:29:41 - Adding type registration LocalDateTime -> org.hibernate.type.BasicTypeReference@7197b07f
2024-05-24 19:29:41 - Adding type registration java.time.LocalDateTime -> org.hibernate.type.BasicTypeReference@7197b07f
2024-05-24 19:29:41 - Adding type registration LocalDate -> org.hibernate.type.BasicTypeReference@1f10fec6
2024-05-24 19:29:41 - Adding type registration java.time.LocalDate -> org.hibernate.type.BasicTypeReference@1f10fec6
2024-05-24 19:29:41 - Adding type registration LocalTime -> org.hibernate.type.BasicTypeReference@7a65a360
2024-05-24 19:29:41 - Adding type registration java.time.LocalTime -> org.hibernate.type.BasicTypeReference@7a65a360
2024-05-24 19:29:41 - Adding type registration OffsetDateTime -> org.hibernate.type.BasicTypeReference@30a7653e
2024-05-24 19:29:41 - Adding type registration java.time.OffsetDateTime -> org.hibernate.type.BasicTypeReference@30a7653e
2024-05-24 19:29:41 - Adding type registration OffsetDateTimeWithTimezone -> org.hibernate.type.BasicTypeReference@7cff3f1d
2024-05-24 19:29:41 - Adding type registration OffsetDateTimeWithoutTimezone -> org.hibernate.type.BasicTypeReference@6401188a
2024-05-24 19:29:41 - Adding type registration OffsetTime -> org.hibernate.type.BasicTypeReference@33a8c9c9
2024-05-24 19:29:41 - Adding type registration java.time.OffsetTime -> org.hibernate.type.BasicTypeReference@33a8c9c9
2024-05-24 19:29:41 - Adding type registration OffsetTimeUtc -> org.hibernate.type.BasicTypeReference@382dc417
2024-05-24 19:29:41 - Adding type registration OffsetTimeWithTimezone -> org.hibernate.type.BasicTypeReference@3daf03d8
2024-05-24 19:29:41 - Adding type registration OffsetTimeWithoutTimezone -> org.hibernate.type.BasicTypeReference@510689af
2024-05-24 19:29:41 - Adding type registration ZonedDateTime -> org.hibernate.type.BasicTypeReference@2415e4c7
2024-05-24 19:29:41 - Adding type registration java.time.ZonedDateTime -> org.hibernate.type.BasicTypeReference@2415e4c7
2024-05-24 19:29:41 - Adding type registration ZonedDateTimeWithTimezone -> org.hibernate.type.BasicTypeReference@72ce812e
2024-05-24 19:29:41 - Adding type registration ZonedDateTimeWithoutTimezone -> org.hibernate.type.BasicTypeReference@373afd6c
2024-05-24 19:29:41 - Adding type registration date -> org.hibernate.type.BasicTypeReference@521441d5
2024-05-24 19:29:41 - Adding type registration java.sql.Date -> org.hibernate.type.BasicTypeReference@521441d5
2024-05-24 19:29:41 - Adding type registration time -> org.hibernate.type.BasicTypeReference@592ca48c
2024-05-24 19:29:41 - Adding type registration java.sql.Time -> org.hibernate.type.BasicTypeReference@592ca48c
2024-05-24 19:29:41 - Adding type registration timestamp -> org.hibernate.type.BasicTypeReference@5fed9976
2024-05-24 19:29:41 - Adding type registration java.sql.Timestamp -> org.hibernate.type.BasicTypeReference@5fed9976
2024-05-24 19:29:41 - Adding type registration java.util.Date -> org.hibernate.type.BasicTypeReference@5fed9976
2024-05-24 19:29:41 - Adding type registration calendar -> org.hibernate.type.BasicTypeReference@3fdcde7a
2024-05-24 19:29:41 - Adding type registration java.util.Calendar -> org.hibernate.type.BasicTypeReference@3fdcde7a
2024-05-24 19:29:41 - Adding type registration java.util.GregorianCalendar -> org.hibernate.type.BasicTypeReference@3fdcde7a
2024-05-24 19:29:41 - Adding type registration calendar_date -> org.hibernate.type.BasicTypeReference@4f363abd
2024-05-24 19:29:41 - Adding type registration calendar_time -> org.hibernate.type.BasicTypeReference@7302ff13
2024-05-24 19:29:41 - Adding type registration instant -> org.hibernate.type.BasicTypeReference@4017fe2c
2024-05-24 19:29:41 - Adding type registration java.time.Instant -> org.hibernate.type.BasicTypeReference@4017fe2c
2024-05-24 19:29:41 - Adding type registration uuid -> org.hibernate.type.BasicTypeReference@1961d75a
2024-05-24 19:29:41 - Adding type registration java.util.UUID -> org.hibernate.type.BasicTypeReference@1961d75a
2024-05-24 19:29:41 - Adding type registration pg-uuid -> org.hibernate.type.BasicTypeReference@1961d75a
2024-05-24 19:29:41 - Adding type registration uuid-binary -> org.hibernate.type.BasicTypeReference@677ce519
2024-05-24 19:29:41 - Adding type registration uuid-char -> org.hibernate.type.BasicTypeReference@3e26482
2024-05-24 19:29:41 - Adding type registration class -> org.hibernate.type.BasicTypeReference@7cfb0c4c
2024-05-24 19:29:41 - Adding type registration java.lang.Class -> org.hibernate.type.BasicTypeReference@7cfb0c4c
2024-05-24 19:29:41 - Adding type registration currency -> org.hibernate.type.BasicTypeReference@6b37df8e
2024-05-24 19:29:41 - Adding type registration Currency -> org.hibernate.type.BasicTypeReference@6b37df8e
2024-05-24 19:29:41 - Adding type registration java.util.Currency -> org.hibernate.type.BasicTypeReference@6b37df8e
2024-05-24 19:29:41 - Adding type registration locale -> org.hibernate.type.BasicTypeReference@7b351446
2024-05-24 19:29:41 - Adding type registration java.util.Locale -> org.hibernate.type.BasicTypeReference@7b351446
2024-05-24 19:29:41 - Adding type registration serializable -> org.hibernate.type.BasicTypeReference@5f08fe00
2024-05-24 19:29:41 - Adding type registration java.io.Serializable -> org.hibernate.type.BasicTypeReference@5f08fe00
2024-05-24 19:29:41 - Adding type registration timezone -> org.hibernate.type.BasicTypeReference@a1691c0
2024-05-24 19:29:41 - Adding type registration java.util.TimeZone -> org.hibernate.type.BasicTypeReference@a1691c0
2024-05-24 19:29:41 - Adding type registration ZoneOffset -> org.hibernate.type.BasicTypeReference@7c5df615
2024-05-24 19:29:41 - Adding type registration java.time.ZoneOffset -> org.hibernate.type.BasicTypeReference@7c5df615
2024-05-24 19:29:41 - Adding type registration url -> org.hibernate.type.BasicTypeReference@2f995afc
2024-05-24 19:29:41 - Adding type registration java.net.URL -> org.hibernate.type.BasicTypeReference@2f995afc
2024-05-24 19:29:41 - Adding type registration vector -> org.hibernate.type.BasicTypeReference@377949f1
2024-05-24 19:29:41 - Adding type registration row_version -> org.hibernate.type.BasicTypeReference@9df564f
2024-05-24 19:29:41 - Adding type registration object -> org.hibernate.type.JavaObjectType@46a795de
2024-05-24 19:29:41 - Adding type registration java.lang.Object -> org.hibernate.type.JavaObjectType@46a795de
2024-05-24 19:29:41 - Adding type registration null -> org.hibernate.type.NullType@601eb4af
2024-05-24 19:29:41 - Adding type registration imm_date -> org.hibernate.type.BasicTypeReference@11ede87f
2024-05-24 19:29:41 - Adding type registration imm_time -> org.hibernate.type.BasicTypeReference@7675c171
2024-05-24 19:29:41 - Adding type registration imm_timestamp -> org.hibernate.type.BasicTypeReference@44e4cb76
2024-05-24 19:29:41 - Adding type registration imm_calendar -> org.hibernate.type.BasicTypeReference@51cab489
2024-05-24 19:29:41 - Adding type registration imm_calendar_date -> org.hibernate.type.BasicTypeReference@2f9a10df
2024-05-24 19:29:41 - Adding type registration imm_calendar_time -> org.hibernate.type.BasicTypeReference@773c2214
2024-05-24 19:29:41 - Adding type registration imm_binary -> org.hibernate.type.BasicTypeReference@15e1f8fe
2024-05-24 19:29:41 - Adding type registration imm_serializable -> org.hibernate.type.BasicTypeReference@110b7837
2024-05-24 19:29:41 - Injecting JPA temp ClassLoader [org.springframework.instrument.classloading.SimpleThrowawayClassLoader@35cec305] into BootstrapContext; was [null]
2024-05-24 19:29:41 - ClassLoaderAccessImpl#injectTempClassLoader(org.springframework.instrument.classloading.SimpleThrowawayClassLoader@35cec305) [was null]
2024-05-24 19:29:41 - Injecting ScanEnvironment [org.hibernate.jpa.boot.internal.StandardJpaScanEnvironmentImpl@54c60202] into BootstrapContext; was [null]
2024-05-24 19:29:41 - Injecting ScanOptions [org.hibernate.boot.archive.scan.internal.StandardScanOptions@7889b4b9] into BootstrapContext; was [org.hibernate.boot.archive.scan.internal.StandardScanOptions@1e545821]
2024-05-24 19:29:41 - No LoadTimeWeaver setup: ignoring JPA class transformer
2024-05-24 19:29:41 - Injecting JPA temp ClassLoader [null] into BootstrapContext; was [org.springframework.instrument.classloading.SimpleThrowawayClassLoader@35cec305]
2024-05-24 19:29:41 - ClassLoaderAccessImpl#injectTempClassLoader(null) [was org.springframework.instrument.classloading.SimpleThrowawayClassLoader@35cec305]
2024-05-24 19:29:41 - HikariPool-1 - configuration:
2024-05-24 19:29:41 - allowPoolSuspension.............false
2024-05-24 19:29:41 - autoCommit......................true
2024-05-24 19:29:41 - catalog.........................none
2024-05-24 19:29:41 - connectionInitSql...............none
2024-05-24 19:29:41 - connectionTestQuery.............none
2024-05-24 19:29:41 - connectionTimeout...............30000
2024-05-24 19:29:41 - dataSource......................none
2024-05-24 19:29:41 - dataSourceClassName.............none
2024-05-24 19:29:41 - dataSourceJNDI..................none
2024-05-24 19:29:41 - dataSourceProperties............{password=<masked>}
2024-05-24 19:29:41 - driverClassName................."com.mysql.cj.jdbc.Driver"
2024-05-24 19:29:41 - exceptionOverrideClassName......none
2024-05-24 19:29:41 - healthCheckProperties...........{}
2024-05-24 19:29:41 - healthCheckRegistry.............none
2024-05-24 19:29:41 - idleTimeout.....................600000
2024-05-24 19:29:41 - initializationFailTimeout.......1
2024-05-24 19:29:41 - isolateInternalQueries..........false
2024-05-24 19:29:41 - jdbcUrl.........................jdbc:mysql://localhost:3306/crm
2024-05-24 19:29:41 - keepaliveTime...................0
2024-05-24 19:29:41 - leakDetectionThreshold..........0
2024-05-24 19:29:41 - maxLifetime.....................1800000
2024-05-24 19:29:41 - maximumPoolSize.................10
2024-05-24 19:29:41 - metricRegistry..................none
2024-05-24 19:29:41 - metricsTrackerFactory...........none
2024-05-24 19:29:41 - minimumIdle.....................10
2024-05-24 19:29:41 - password........................<masked>
2024-05-24 19:29:41 - poolName........................"HikariPool-1"
2024-05-24 19:29:41 - readOnly........................false
2024-05-24 19:29:41 - registerMbeans..................false
2024-05-24 19:29:41 - scheduledExecutor...............none
2024-05-24 19:29:41 - schema..........................none
2024-05-24 19:29:41 - threadFactory...................internal
2024-05-24 19:29:41 - transactionIsolation............default
2024-05-24 19:29:41 - username........................"root"
2024-05-24 19:29:41 - validationTimeout...............5000
2024-05-24 19:29:41 - HikariPool-1 - Starting...
2024-05-24 19:29:42 - HikariPool-1 - Added connection com.mysql.cj.jdbc.ConnectionImpl@6c6379c
2024-05-24 19:29:42 - HikariPool-1 - Start completed.
2024-05-24 19:29:42 - Database ->
       name : MySQL
    version : 8.3.0
      major : 8
      minor : 3
2024-05-24 19:29:42 - Driver ->
       name : MySQL Connector/J
    version : mysql-connector-j-8.3.0 (Revision: 805f872a57875f311cb82487efcfb070411a3fa0)
      major : 8
      minor : 3
2024-05-24 19:29:42 - JDBC version : 4.2
2024-05-24 19:29:42 - HHH90000025: MySQLDialect does not need to be specified explicitly using 'hibernate.dialect' (remove the property setting and it will be selected by default)
2024-05-24 19:29:42 - HHH035001: Using dialect: org.hibernate.dialect.MySQLDialect, version: 8.3
2024-05-24 19:29:42 - JDBC driver metadata reported database stores quoted identifiers in more than one case
2024-05-24 19:29:42 - IdentifierCaseStrategy for both quoted and unquoted identifiers was set to the same strategy [MIXED]; that will likely lead to problems in schema update and validation if using quoted identifiers
2024-05-24 19:29:42 - addDescriptor(12, org.hibernate.type.descriptor.sql.internal.CapacityDependentDdlType@150f41b9) replaced previous registration(org.hibernate.type.descriptor.sql.internal.CapacityDependentDdlType@6e364f1f)
2024-05-24 19:29:42 - addDescriptor(-9, org.hibernate.type.descriptor.sql.internal.CapacityDependentDdlType@429e7914) replaced previous registration(org.hibernate.type.descriptor.sql.internal.CapacityDependentDdlType@298263fa)
2024-05-24 19:29:42 - addDescriptor(-3, org.hibernate.type.descriptor.sql.internal.CapacityDependentDdlType@466fedfa) replaced previous registration(org.hibernate.type.descriptor.sql.internal.CapacityDependentDdlType@1a7d0c9f)
2024-05-24 19:29:42 - addDescriptor(4003, org.hibernate.type.descriptor.sql.internal.DdlTypeImpl@2b1a901d) replaced previous registration(org.hibernate.type.descriptor.sql.internal.DdlTypeImpl@11bdab37)
2024-05-24 19:29:42 - addDescriptor(4001, org.hibernate.type.descriptor.sql.internal.DdlTypeImpl@280484c7) replaced previous registration(org.hibernate.type.descriptor.sql.internal.DdlTypeImpl@5a6f6cac)
2024-05-24 19:29:42 - addDescriptor(4002, org.hibernate.type.descriptor.sql.internal.DdlTypeImpl@258a8584) replaced previous registration(org.hibernate.type.descriptor.sql.internal.DdlTypeImpl@59127611)
2024-05-24 19:29:42 - addDescriptor(2004, org.hibernate.type.descriptor.sql.internal.CapacityDependentDdlType@553ce348) replaced previous registration(org.hibernate.type.descriptor.sql.internal.DdlTypeImpl@7417ef4f)
2024-05-24 19:29:42 - addDescriptor(2005, org.hibernate.type.descriptor.sql.internal.CapacityDependentDdlType@5c0e2ec) replaced previous registration(org.hibernate.type.descriptor.sql.internal.DdlTypeImpl@4fa8bebb)
2024-05-24 19:29:42 - addDescriptor(2011, org.hibernate.type.descriptor.sql.internal.CapacityDependentDdlType@7d3c22a5) replaced previous registration(org.hibernate.type.descriptor.sql.internal.DdlTypeImpl@369ad7da)
2024-05-24 19:29:42 - addDescriptor(NCharTypeDescriptor) replaced previous registration(CharTypeDescriptor)
2024-05-24 19:29:42 - addDescriptor(NVarcharTypeDescriptor) replaced previous registration(VarcharTypeDescriptor)
2024-05-24 19:29:42 - addDescriptor(LongNVarcharTypeDescriptor) replaced previous registration(LongVarcharTypeDescriptor)
2024-05-24 19:29:42 - addDescriptor(NClobTypeDescriptor(DEFAULT)) replaced previous registration(ClobTypeDescriptor(DEFAULT))
2024-05-24 19:29:42 - addDescriptor(2005, ClobTypeDescriptor(STREAM_BINDING)) replaced previous registration(ClobTypeDescriptor(DEFAULT))
2024-05-24 19:29:42 - Adding type registration null -> org.hibernate.type.NullType@298e002d
2024-05-24 19:29:42 - Type registration key [null] overrode previous entry : `org.hibernate.type.NullType@601eb4af`
2024-05-24 19:29:42 - Adding type registration org.hibernate.type.DurationType -> basicType@1(java.time.Duration,3015)
2024-05-24 19:29:42 - Adding type registration Duration -> basicType@1(java.time.Duration,3015)
2024-05-24 19:29:42 - Adding type registration java.time.Duration -> basicType@1(java.time.Duration,3015)
2024-05-24 19:29:42 - Adding type registration org.hibernate.type.OffsetDateTimeType -> basicType@2(java.time.OffsetDateTime,3003)
2024-05-24 19:29:42 - Adding type registration OffsetDateTime -> basicType@2(java.time.OffsetDateTime,3003)
2024-05-24 19:29:42 - Adding type registration java.time.OffsetDateTime -> basicType@2(java.time.OffsetDateTime,3003)
2024-05-24 19:29:42 - Adding type registration org.hibernate.type.ZonedDateTimeType -> basicType@3(java.time.ZonedDateTime,3003)
2024-05-24 19:29:42 - Adding type registration ZonedDateTime -> basicType@3(java.time.ZonedDateTime,3003)
2024-05-24 19:29:42 - Adding type registration java.time.ZonedDateTime -> basicType@3(java.time.ZonedDateTime,3003)
2024-05-24 19:29:42 - Adding type registration org.hibernate.type.OffsetTimeType -> basicType@4(java.time.OffsetTime,3007)
2024-05-24 19:29:42 - Adding type registration OffsetTime -> basicType@4(java.time.OffsetTime,3007)
2024-05-24 19:29:42 - Adding type registration java.time.OffsetTime -> basicType@4(java.time.OffsetTime,3007)
2024-05-24 19:29:42 - Scoping TypeConfiguration [org.hibernate.type.spi.TypeConfiguration@194224ca] to MetadataBuildingContext [org.hibernate.boot.internal.MetadataBuildingContextRootImpl@254e9709]
2024-05-24 19:29:42 - Created database namespace [logicalName=Name{catalog=null, schema=null}, physicalName=Name{catalog=null, schema=null}]
2024-05-24 19:29:42 - Binding entity from annotated class: com.CustomerRelationshipManagementSystem.entity.Customer
2024-05-24 19:29:42 - Import with entity name Customer
2024-05-24 19:29:42 - Bind entity com.CustomerRelationshipManagementSystem.entity.Customer on table customers
2024-05-24 19:29:42 - HikariPool-1 - Pool stats (total=1, active=0, idle=1, waiting=0)
2024-05-24 19:29:42 - Binding column: AnnotatedDiscriminatorColumn(column='DTYPE')
2024-05-24 19:29:42 - Binding column: AnnotatedColumn()
2024-05-24 19:29:42 - Not known whether passed class name [com.CustomerRelationshipManagementSystem.entity.Customer] is safe
2024-05-24 19:29:42 - No temp ClassLoader provided; using live ClassLoader for loading potentially unsafe class : com.CustomerRelationshipManagementSystem.entity.Customer
2024-05-24 19:29:42 - MetadataSourceProcessor property id with lazy=false
2024-05-24 19:29:42 - Attempting to locate auto-apply AttributeConverter for property [com.CustomerRelationshipManagementSystem.entity.Customer:id]
2024-05-24 19:29:42 - building BasicValue for id
2024-05-24 19:29:42 - Skipping column re-registration: customers.id
2024-05-24 19:29:42 - Building property id
2024-05-24 19:29:42 - #makeIdGenerator(BasicValue([Column(id)]), id, identity, , ...)
2024-05-24 19:29:42 - Binding column: AnnotatedColumn(column='age')
2024-05-24 19:29:42 - MetadataSourceProcessor property age with lazy=false
2024-05-24 19:29:42 - Attempting to locate auto-apply AttributeConverter for property [com.CustomerRelationshipManagementSystem.entity.Customer:age]
2024-05-24 19:29:42 - building BasicValue for age
2024-05-24 19:29:42 - Skipping column re-registration: customers.age
2024-05-24 19:29:42 - Building property age
2024-05-24 19:29:42 - Binding column: AnnotatedColumn(column='email')
2024-05-24 19:29:42 - MetadataSourceProcessor property email with lazy=false
2024-05-24 19:29:42 - Attempting to locate auto-apply AttributeConverter for property [com.CustomerRelationshipManagementSystem.entity.Customer:email]
2024-05-24 19:29:42 - building BasicValue for email
2024-05-24 19:29:42 - Skipping column re-registration: customers.email
2024-05-24 19:29:42 - Building property email
2024-05-24 19:29:42 - Binding column: AnnotatedColumn(column='first_name')
2024-05-24 19:29:42 - MetadataSourceProcessor property firstName with lazy=false
2024-05-24 19:29:42 - Attempting to locate auto-apply AttributeConverter for property [com.CustomerRelationshipManagementSystem.entity.Customer:firstName]
2024-05-24 19:29:42 - building BasicValue for firstName
2024-05-24 19:29:42 - Skipping column re-registration: customers.first_name
2024-05-24 19:29:42 - Building property firstName
2024-05-24 19:29:42 - Binding column: AnnotatedColumn(column='last_name')
2024-05-24 19:29:42 - MetadataSourceProcessor property lastName with lazy=false
2024-05-24 19:29:42 - Attempting to locate auto-apply AttributeConverter for property [com.CustomerRelationshipManagementSystem.entity.Customer:lastName]
2024-05-24 19:29:42 - building BasicValue for lastName
2024-05-24 19:29:42 - Skipping column re-registration: customers.last_name
2024-05-24 19:29:42 - Building property lastName
2024-05-24 19:29:42 - Binding column: AnnotatedColumn(column='mobile_number')
2024-05-24 19:29:42 - MetadataSourceProcessor property mobileNumber with lazy=false
2024-05-24 19:29:42 - Attempting to locate auto-apply AttributeConverter for property [com.CustomerRelationshipManagementSystem.entity.Customer:mobileNumber]
2024-05-24 19:29:42 - building BasicValue for mobileNumber
2024-05-24 19:29:42 - Skipping column re-registration: customers.mobile_number
2024-05-24 19:29:42 - Building property mobileNumber
2024-05-24 19:29:42 - HikariPool-1 - Added connection com.mysql.cj.jdbc.ConnectionImpl@c1cc8aa
2024-05-24 19:29:42 - HHH000194: Package not found or wo package-info.java: com.CustomerRelationshipManagementSystem.entity
2024-05-24 19:29:42 - Starting `BasicValueBinder#fillSimpleValue` for id
2024-05-24 19:29:42 - Starting `BasicValueBinder#fillSimpleValue` for age
2024-05-24 19:29:42 - Starting `BasicValueBinder#fillSimpleValue` for email
2024-05-24 19:29:42 - Starting `BasicValueBinder#fillSimpleValue` for firstName
2024-05-24 19:29:42 - Starting `BasicValueBinder#fillSimpleValue` for lastName
2024-05-24 19:29:42 - Starting `BasicValueBinder#fillSimpleValue` for mobileNumber
2024-05-24 19:29:42 - Forcing column [id] to be non-null as it is part of the primary key for table [customers]
2024-05-24 19:29:42 - HikariPool-1 - Added connection com.mysql.cj.jdbc.ConnectionImpl@16950a9a
2024-05-24 19:29:42 - Building session factory
2024-05-24 19:29:42 - EventListenerRegistry access via ServiceRegistry is deprecated.  Use `sessionFactory.getEventEngine().getListenerRegistry()` instead
2024-05-24 19:29:42 - Instantiating SessionFactory with settings: {java.specification.version=22, hibernate.resource.beans.container=org.springframework.orm.hibernate5.SpringBeanContainer@131d977f, hibernate.connection.handling_mode=DELAYED_ACQUISITION_AND_HOLD, sun.jnu.encoding=UTF-8, hibernate.dialect=org.hibernate.dialect.MySQLDialect, hibernate.implicit_naming_strategy=org.springframework.boot.orm.jpa.hibernate.SpringImplicitNamingStrategy, java.class.path=/Users/shivaramakrishnan/Desktop/Projects/Java_Projects/Customer_Relationship_Management_System/CustomerRelationshipManagementSystem/target/test-classes:/Users/shivaramakrishnan/Desktop/Projects/Java_Projects/Customer_Relationship_Management_System/CustomerRelationshipManagementSystem/target/classes:/Users/shivaramakrishnan/.m2/repository/org/slf4j/slf4j-api/2.0.7/slf4j-api-2.0.7.jar:/Users/shivaramakrishnan/.m2/repository/ch/qos/logback/logback-classic/1.4.6/logback-classic-1.4.6.jar:/Users/shivaramakrishnan/.m2/repository/ch/qos/logback/logback-core/1.4.14/logback-core-1.4.14.jar:/Users/shivaramakrishnan/.m2/repository/org/springframework/boot/spring-boot-starter-data-jpa/3.2.6/spring-boot-starter-data-jpa-3.2.6.jar:/Users/shivaramakrishnan/.m2/repository/org/springframework/boot/spring-boot-starter-aop/3.2.6/spring-boot-starter-aop-3.2.6.jar:/Users/shivaramakrishnan/.m2/repository/org/springframework/spring-aop/6.1.8/spring-aop-6.1.8.jar:/Users/shivaramakrishnan/.m2/repository/org/aspectj/aspectjweaver/1.9.22/aspectjweaver-1.9.22.jar:/Users/shivaramakrishnan/.m2/repository/org/springframework/boot/spring-boot-starter-jdbc/3.2.6/spring-boot-starter-jdbc-3.2.6.jar:/Users/shivaramakrishnan/.m2/repository/com/zaxxer/HikariCP/5.0.1/HikariCP-5.0.1.jar:/Users/shivaramakrishnan/.m2/repository/org/springframework/spring-jdbc/6.1.8/spring-jdbc-6.1.8.jar:/Users/shivaramakrishnan/.m2/repository/org/hibernate/orm/hibernate-core/6.4.8.Final/hibernate-core-6.4.8.Final.jar:/Users/shivaramakrishnan/.m2/repository/jakarta/persistence/jakarta.persistence-api/3.1.0/jakarta.persistence-api-3.1.0.jar:/Users/shivaramakrishnan/.m2/repository/jakarta/transaction/jakarta.transaction-api/2.0.1/jakarta.transaction-api-2.0.1.jar:/Users/shivaramakrishnan/.m2/repository/org/jboss/logging/jboss-logging/3.5.3.Final/jboss-logging-3.5.3.Final.jar:/Users/shivaramakrishnan/.m2/repository/org/hibernate/common/hibernate-commons-annotations/6.0.6.Final/hibernate-commons-annotations-6.0.6.Final.jar:/Users/shivaramakrishnan/.m2/repository/io/smallrye/jandex/3.1.2/jandex-3.1.2.jar:/Users/shivaramakrishnan/.m2/repository/com/fasterxml/classmate/1.6.0/classmate-1.6.0.jar:/Users/shivaramakrishnan/.m2/repository/net/bytebuddy/byte-buddy/1.14.16/byte-buddy-1.14.16.jar:/Users/shivaramakrishnan/.m2/repository/org/glassfish/jaxb/jaxb-runtime/4.0.5/jaxb-runtime-4.0.5.jar:/Users/shivaramakrishnan/.m2/repository/org/glassfish/jaxb/jaxb-core/4.0.5/jaxb-core-4.0.5.jar:/Users/shivaramakrishnan/.m2/repository/org/eclipse/angus/angus-activation/2.0.2/angus-activation-2.0.2.jar:/Users/shivaramakrishnan/.m2/repository/org/glassfish/jaxb/txw2/4.0.5/txw2-4.0.5.jar:/Users/shivaramakrishnan/.m2/repository/com/sun/istack/istack-commons-runtime/4.1.2/istack-commons-runtime-4.1.2.jar:/Users/shivaramakrishnan/.m2/repository/jakarta/inject/jakarta.inject-api/2.0.1/jakarta.inject-api-2.0.1.jar:/Users/shivaramakrishnan/.m2/repository/org/antlr/antlr4-runtime/4.13.0/antlr4-runtime-4.13.0.jar:/Users/shivaramakrishnan/.m2/repository/org/springframework/data/spring-data-jpa/3.2.6/spring-data-jpa-3.2.6.jar:/Users/shivaramakrishnan/.m2/repository/org/springframework/data/spring-data-commons/3.2.6/spring-data-commons-3.2.6.jar:/Users/shivaramakrishnan/.m2/repository/org/springframework/spring-orm/6.1.8/spring-orm-6.1.8.jar:/Users/shivaramakrishnan/.m2/repository/org/springframework/spring-context/6.1.8/spring-context-6.1.8.jar:/Users/shivaramakrishnan/.m2/repository/org/springframework/spring-tx/6.1.8/spring-tx-6.1.8.jar:/Users/shivaramakrishnan/.m2/repository/org/springframework/spring-beans/6.1.8/spring-beans-6.1.8.jar:/Users/shivaramakrishnan/.m2/repository/jakarta/annotation/jakarta.annotation-api/2.1.1/jakarta.annotation-api-2.1.1.jar:/Users/shivaramakrishnan/.m2/repository/org/springframework/spring-aspects/6.1.8/spring-aspects-6.1.8.jar:/Users/shivaramakrishnan/.m2/repository/org/springframework/boot/spring-boot-starter-web/3.2.6/spring-boot-starter-web-3.2.6.jar:/Users/shivaramakrishnan/.m2/repository/org/springframework/boot/spring-boot-starter/3.2.6/spring-boot-starter-3.2.6.jar:/Users/shivaramakrishnan/.m2/repository/org/springframework/boot/spring-boot-starter-logging/3.2.6/spring-boot-starter-logging-3.2.6.jar:/Users/shivaramakrishnan/.m2/repository/org/apache/logging/log4j/log4j-to-slf4j/2.21.1/log4j-to-slf4j-2.21.1.jar:/Users/shivaramakrishnan/.m2/repository/org/apache/logging/log4j/log4j-api/2.21.1/log4j-api-2.21.1.jar:/Users/shivaramakrishnan/.m2/repository/org/slf4j/jul-to-slf4j/2.0.13/jul-to-slf4j-2.0.13.jar:/Users/shivaramakrishnan/.m2/repository/org/yaml/snakeyaml/2.2/snakeyaml-2.2.jar:/Users/shivaramakrishnan/.m2/repository/org/springframework/boot/spring-boot-starter-json/3.2.6/spring-boot-starter-json-3.2.6.jar:/Users/shivaramakrishnan/.m2/repository/com/fasterxml/jackson/core/jackson-databind/2.15.4/jackson-databind-2.15.4.jar:/Users/shivaramakrishnan/.m2/repository/com/fasterxml/jackson/core/jackson-annotations/2.15.4/jackson-annotations-2.15.4.jar:/Users/shivaramakrishnan/.m2/repository/com/fasterxml/jackson/core/jackson-core/2.15.4/jackson-core-2.15.4.jar:/Users/shivaramakrishnan/.m2/repository/com/fasterxml/jackson/datatype/jackson-datatype-jdk8/2.15.4/jackson-datatype-jdk8-2.15.4.jar:/Users/shivaramakrishnan/.m2/repository/com/fasterxml/jackson/datatype/jackson-datatype-jsr310/2.15.4/jackson-datatype-jsr310-2.15.4.jar:/Users/shivaramakrishnan/.m2/repository/com/fasterxml/jackson/module/jackson-module-parameter-names/2.15.4/jackson-module-parameter-names-2.15.4.jar:/Users/shivaramakrishnan/.m2/repository/org/springframework/boot/spring-boot-starter-tomcat/3.2.6/spring-boot-starter-tomcat-3.2.6.jar:/Users/shivaramakrishnan/.m2/repository/org/apache/tomcat/embed/tomcat-embed-core/10.1.24/tomcat-embed-core-10.1.24.jar:/Users/shivaramakrishnan/.m2/repository/org/apache/tomcat/embed/tomcat-embed-el/10.1.24/tomcat-embed-el-10.1.24.jar:/Users/shivaramakrishnan/.m2/repository/org/apache/tomcat/embed/tomcat-embed-websocket/10.1.24/tomcat-embed-websocket-10.1.24.jar:/Users/shivaramakrishnan/.m2/repository/org/springframework/spring-web/6.1.8/spring-web-6.1.8.jar:/Users/shivaramakrishnan/.m2/repository/io/micrometer/micrometer-observation/1.12.6/micrometer-observation-1.12.6.jar:/Users/shivaramakrishnan/.m2/repository/io/micrometer/micrometer-commons/1.12.6/micrometer-commons-1.12.6.jar:/Users/shivaramakrishnan/.m2/repository/org/springframework/spring-webmvc/6.1.8/spring-webmvc-6.1.8.jar:/Users/shivaramakrishnan/.m2/repository/org/springframework/spring-expression/6.1.8/spring-expression-6.1.8.jar:/Users/shivaramakrishnan/.m2/repository/org/springframework/boot/spring-boot-devtools/3.2.6/spring-boot-devtools-3.2.6.jar:/Users/shivaramakrishnan/.m2/repository/org/springframework/boot/spring-boot/3.2.6/spring-boot-3.2.6.jar:/Users/shivaramakrishnan/.m2/repository/org/springframework/boot/spring-boot-autoconfigure/3.2.6/spring-boot-autoconfigure-3.2.6.jar:/Users/shivaramakrishnan/.m2/repository/com/mysql/mysql-connector-j/8.3.0/mysql-connector-j-8.3.0.jar:/Users/shivaramakrishnan/.m2/repository/org/projectlombok/lombok/1.18.32/lombok-1.18.32.jar:/Users/shivaramakrishnan/.m2/repository/org/springframework/boot/spring-boot-starter-test/3.2.6/spring-boot-starter-test-3.2.6.jar:/Users/shivaramakrishnan/.m2/repository/org/springframework/boot/spring-boot-test/3.2.6/spring-boot-test-3.2.6.jar:/Users/shivaramakrishnan/.m2/repository/org/springframework/boot/spring-boot-test-autoconfigure/3.2.6/spring-boot-test-autoconfigure-3.2.6.jar:/Users/shivaramakrishnan/.m2/repository/com/jayway/jsonpath/json-path/2.9.0/json-path-2.9.0.jar:/Users/shivaramakrishnan/.m2/repository/jakarta/xml/bind/jakarta.xml.bind-api/4.0.2/jakarta.xml.bind-api-4.0.2.jar:/Users/shivaramakrishnan/.m2/repository/jakarta/activation/jakarta.activation-api/2.1.3/jakarta.activation-api-2.1.3.jar:/Users/shivaramakrishnan/.m2/repository/net/minidev/json-smart/2.5.1/json-smart-2.5.1.jar:/Users/shivaramakrishnan/.m2/repository/net/minidev/accessors-smart/2.5.1/accessors-smart-2.5.1.jar:/Users/shivaramakrishnan/.m2/repository/org/ow2/asm/asm/9.6/asm-9.6.jar:/Users/shivaramakrishnan/.m2/repository/org/assertj/assertj-core/3.24.2/assertj-core-3.24.2.jar:/Users/shivaramakrishnan/.m2/repository/org/awaitility/awaitility/4.2.1/awaitility-4.2.1.jar:/Users/shivaramakrishnan/.m2/repository/org/hamcrest/hamcrest/2.2/hamcrest-2.2.jar:/Users/shivaramakrishnan/.m2/repository/org/junit/jupiter/junit-jupiter/5.10.2/junit-jupiter-5.10.2.jar:/Users/shivaramakrishnan/.m2/repository/org/junit/jupiter/junit-jupiter-api/5.10.2/junit-jupiter-api-5.10.2.jar:/Users/shivaramakrishnan/.m2/repository/org/opentest4j/opentest4j/1.3.0/opentest4j-1.3.0.jar:/Users/shivaramakrishnan/.m2/repository/org/junit/platform/junit-platform-commons/1.10.2/junit-platform-commons-1.10.2.jar:/Users/shivaramakrishnan/.m2/repository/org/apiguardian/apiguardian-api/1.1.2/apiguardian-api-1.1.2.jar:/Users/shivaramakrishnan/.m2/repository/org/junit/jupiter/junit-jupiter-params/5.10.2/junit-jupiter-params-5.10.2.jar:/Users/shivaramakrishnan/.m2/repository/org/junit/jupiter/junit-jupiter-engine/5.10.2/junit-jupiter-engine-5.10.2.jar:/Users/shivaramakrishnan/.m2/repository/org/junit/platform/junit-platform-engine/1.10.2/junit-platform-engine-1.10.2.jar:/Users/shivaramakrishnan/.m2/repository/org/mockito/mockito-core/5.7.0/mockito-core-5.7.0.jar:/Users/shivaramakrishnan/.m2/repository/net/bytebuddy/byte-buddy-agent/1.14.16/byte-buddy-agent-1.14.16.jar:/Users/shivaramakrishnan/.m2/repository/org/objenesis/objenesis/3.3/objenesis-3.3.jar:/Users/shivaramakrishnan/.m2/repository/org/mockito/mockito-junit-jupiter/5.7.0/mockito-junit-jupiter-5.7.0.jar:/Users/shivaramakrishnan/.m2/repository/org/skyscreamer/jsonassert/1.5.1/jsonassert-1.5.1.jar:/Users/shivaramakrishnan/.m2/repository/com/vaadin/external/google/android-json/0.0.20131108.vaadin1/android-json-0.0.20131108.vaadin1.jar:/Users/shivaramakrishnan/.m2/repository/org/springframework/spring-core/6.1.8/spring-core-6.1.8.jar:/Users/shivaramakrishnan/.m2/repository/org/springframework/spring-jcl/6.1.8/spring-jcl-6.1.8.jar:/Users/shivaramakrishnan/.m2/repository/org/springframework/spring-test/6.1.8/spring-test-6.1.8.jar:/Users/shivaramakrishnan/.m2/repository/org/xmlunit/xmlunit-core/2.9.1/xmlunit-core-2.9.1.jar:, java.vm.vendor=Oracle Corporation, sun.arch.data.model=64, java.vendor.url=https://java.oracle.com/, user.timezone=America/Los_Angeles, jakarta.persistence.sharedCache.mode=UNSPECIFIED, org.jboss.logging.provider=slf4j, java.vm.specification.version=22, os.name=Mac OS X, jakarta.persistence.nonJtaDataSource=HikariDataSource (HikariPool-1), sun.java.launcher=SUN_STANDARD, user.country=US, sun.boot.library.path=/Library/Java/JavaVirtualMachines/jdk-22.jdk/Contents/Home/lib, sun.java.command=/Users/shivaramakrishnan/Desktop/Projects/Java_Projects/Customer_Relationship_Management_System/CustomerRelationshipManagementSystem/target/surefire/surefirebooter-20240524192940115_3.jar /Users/shivaramakrishnan/Desktop/Projects/Java_Projects/Customer_Relationship_Management_System/CustomerRelationshipManagementSystem/target/surefire 2024-05-24T19-29-39_320-jvmRun1 surefire-20240524192940115_1tmp surefire_0-20240524192940115_2tmp, javax.persistence.nonJtaDataSource=HikariDataSource (HikariPool-1), hibernate.transaction.jta.platform=org.hibernate.engine.transaction.jta.platform.internal.NoJtaPlatform@616f81b5, http.nonProxyHosts=local|*.local|169.254/16|*.169.254/16, jdk.debug=release, surefire.test.class.path=/Users/shivaramakrishnan/Desktop/Projects/Java_Projects/Customer_Relationship_Management_System/CustomerRelationshipManagementSystem/target/test-classes:/Users/shivaramakrishnan/Desktop/Projects/Java_Projects/Customer_Relationship_Management_System/CustomerRelationshipManagementSystem/target/classes:/Users/shivaramakrishnan/.m2/repository/org/slf4j/slf4j-api/2.0.7/slf4j-api-2.0.7.jar:/Users/shivaramakrishnan/.m2/repository/ch/qos/logback/logback-classic/1.4.6/logback-classic-1.4.6.jar:/Users/shivaramakrishnan/.m2/repository/ch/qos/logback/logback-core/1.4.14/logback-core-1.4.14.jar:/Users/shivaramakrishnan/.m2/repository/org/springframework/boot/spring-boot-starter-data-jpa/3.2.6/spring-boot-starter-data-jpa-3.2.6.jar:/Users/shivaramakrishnan/.m2/repository/org/springframework/boot/spring-boot-starter-aop/3.2.6/spring-boot-starter-aop-3.2.6.jar:/Users/shivaramakrishnan/.m2/repository/org/springframework/spring-aop/6.1.8/spring-aop-6.1.8.jar:/Users/shivaramakrishnan/.m2/repository/org/aspectj/aspectjweaver/1.9.22/aspectjweaver-1.9.22.jar:/Users/shivaramakrishnan/.m2/repository/org/springframework/boot/spring-boot-starter-jdbc/3.2.6/spring-boot-starter-jdbc-3.2.6.jar:/Users/shivaramakrishnan/.m2/repository/com/zaxxer/HikariCP/5.0.1/HikariCP-5.0.1.jar:/Users/shivaramakrishnan/.m2/repository/org/springframework/spring-jdbc/6.1.8/spring-jdbc-6.1.8.jar:/Users/shivaramakrishnan/.m2/repository/org/hibernate/orm/hibernate-core/6.4.8.Final/hibernate-core-6.4.8.Final.jar:/Users/shivaramakrishnan/.m2/repository/jakarta/persistence/jakarta.persistence-api/3.1.0/jakarta.persistence-api-3.1.0.jar:/Users/shivaramakrishnan/.m2/repository/jakarta/transaction/jakarta.transaction-api/2.0.1/jakarta.transaction-api-2.0.1.jar:/Users/shivaramakrishnan/.m2/repository/org/jboss/logging/jboss-logging/3.5.3.Final/jboss-logging-3.5.3.Final.jar:/Users/shivaramakrishnan/.m2/repository/org/hibernate/common/hibernate-commons-annotations/6.0.6.Final/hibernate-commons-annotations-6.0.6.Final.jar:/Users/shivaramakrishnan/.m2/repository/io/smallrye/jandex/3.1.2/jandex-3.1.2.jar:/Users/shivaramakrishnan/.m2/repository/com/fasterxml/classmate/1.6.0/classmate-1.6.0.jar:/Users/shivaramakrishnan/.m2/repository/net/bytebuddy/byte-buddy/1.14.16/byte-buddy-1.14.16.jar:/Users/shivaramakrishnan/.m2/repository/org/glassfish/jaxb/jaxb-runtime/4.0.5/jaxb-runtime-4.0.5.jar:/Users/shivaramakrishnan/.m2/repository/org/glassfish/jaxb/jaxb-core/4.0.5/jaxb-core-4.0.5.jar:/Users/shivaramakrishnan/.m2/repository/org/eclipse/angus/angus-activation/2.0.2/angus-activation-2.0.2.jar:/Users/shivaramakrishnan/.m2/repository/org/glassfish/jaxb/txw2/4.0.5/txw2-4.0.5.jar:/Users/shivaramakrishnan/.m2/repository/com/sun/istack/istack-commons-runtime/4.1.2/istack-commons-runtime-4.1.2.jar:/Users/shivaramakrishnan/.m2/repository/jakarta/inject/jakarta.inject-api/2.0.1/jakarta.inject-api-2.0.1.jar:/Users/shivaramakrishnan/.m2/repository/org/antlr/antlr4-runtime/4.13.0/antlr4-runtime-4.13.0.jar:/Users/shivaramakrishnan/.m2/repository/org/springframework/data/spring-data-jpa/3.2.6/spring-data-jpa-3.2.6.jar:/Users/shivaramakrishnan/.m2/repository/org/springframework/data/spring-data-commons/3.2.6/spring-data-commons-3.2.6.jar:/Users/shivaramakrishnan/.m2/repository/org/springframework/spring-orm/6.1.8/spring-orm-6.1.8.jar:/Users/shivaramakrishnan/.m2/repository/org/springframework/spring-context/6.1.8/spring-context-6.1.8.jar:/Users/shivaramakrishnan/.m2/repository/org/springframework/spring-tx/6.1.8/spring-tx-6.1.8.jar:/Users/shivaramakrishnan/.m2/repository/org/springframework/spring-beans/6.1.8/spring-beans-6.1.8.jar:/Users/shivaramakrishnan/.m2/repository/jakarta/annotation/jakarta.annotation-api/2.1.1/jakarta.annotation-api-2.1.1.jar:/Users/shivaramakrishnan/.m2/repository/org/springframework/spring-aspects/6.1.8/spring-aspects-6.1.8.jar:/Users/shivaramakrishnan/.m2/repository/org/springframework/boot/spring-boot-starter-web/3.2.6/spring-boot-starter-web-3.2.6.jar:/Users/shivaramakrishnan/.m2/repository/org/springframework/boot/spring-boot-starter/3.2.6/spring-boot-starter-3.2.6.jar:/Users/shivaramakrishnan/.m2/repository/org/springframework/boot/spring-boot-starter-logging/3.2.6/spring-boot-starter-logging-3.2.6.jar:/Users/shivaramakrishnan/.m2/repository/org/apache/logging/log4j/log4j-to-slf4j/2.21.1/log4j-to-slf4j-2.21.1.jar:/Users/shivaramakrishnan/.m2/repository/org/apache/logging/log4j/log4j-api/2.21.1/log4j-api-2.21.1.jar:/Users/shivaramakrishnan/.m2/repository/org/slf4j/jul-to-slf4j/2.0.13/jul-to-slf4j-2.0.13.jar:/Users/shivaramakrishnan/.m2/repository/org/yaml/snakeyaml/2.2/snakeyaml-2.2.jar:/Users/shivaramakrishnan/.m2/repository/org/springframework/boot/spring-boot-starter-json/3.2.6/spring-boot-starter-json-3.2.6.jar:/Users/shivaramakrishnan/.m2/repository/com/fasterxml/jackson/core/jackson-databind/2.15.4/jackson-databind-2.15.4.jar:/Users/shivaramakrishnan/.m2/repository/com/fasterxml/jackson/core/jackson-annotations/2.15.4/jackson-annotations-2.15.4.jar:/Users/shivaramakrishnan/.m2/repository/com/fasterxml/jackson/core/jackson-core/2.15.4/jackson-core-2.15.4.jar:/Users/shivaramakrishnan/.m2/repository/com/fasterxml/jackson/datatype/jackson-datatype-jdk8/2.15.4/jackson-datatype-jdk8-2.15.4.jar:/Users/shivaramakrishnan/.m2/repository/com/fasterxml/jackson/datatype/jackson-datatype-jsr310/2.15.4/jackson-datatype-jsr310-2.15.4.jar:/Users/shivaramakrishnan/.m2/repository/com/fasterxml/jackson/module/jackson-module-parameter-names/2.15.4/jackson-module-parameter-names-2.15.4.jar:/Users/shivaramakrishnan/.m2/repository/org/springframework/boot/spring-boot-starter-tomcat/3.2.6/spring-boot-starter-tomcat-3.2.6.jar:/Users/shivaramakrishnan/.m2/repository/org/apache/tomcat/embed/tomcat-embed-core/10.1.24/tomcat-embed-core-10.1.24.jar:/Users/shivaramakrishnan/.m2/repository/org/apache/tomcat/embed/tomcat-embed-el/10.1.24/tomcat-embed-el-10.1.24.jar:/Users/shivaramakrishnan/.m2/repository/org/apache/tomcat/embed/tomcat-embed-websocket/10.1.24/tomcat-embed-websocket-10.1.24.jar:/Users/shivaramakrishnan/.m2/repository/org/springframework/spring-web/6.1.8/spring-web-6.1.8.jar:/Users/shivaramakrishnan/.m2/repository/io/micrometer/micrometer-observation/1.12.6/micrometer-observation-1.12.6.jar:/Users/shivaramakrishnan/.m2/repository/io/micrometer/micrometer-commons/1.12.6/micrometer-commons-1.12.6.jar:/Users/shivaramakrishnan/.m2/repository/org/springframework/spring-webmvc/6.1.8/spring-webmvc-6.1.8.jar:/Users/shivaramakrishnan/.m2/repository/org/springframework/spring-expression/6.1.8/spring-expression-6.1.8.jar:/Users/shivaramakrishnan/.m2/repository/org/springframework/boot/spring-boot-devtools/3.2.6/spring-boot-devtools-3.2.6.jar:/Users/shivaramakrishnan/.m2/repository/org/springframework/boot/spring-boot/3.2.6/spring-boot-3.2.6.jar:/Users/shivaramakrishnan/.m2/repository/org/springframework/boot/spring-boot-autoconfigure/3.2.6/spring-boot-autoconfigure-3.2.6.jar:/Users/shivaramakrishnan/.m2/repository/com/mysql/mysql-connector-j/8.3.0/mysql-connector-j-8.3.0.jar:/Users/shivaramakrishnan/.m2/repository/org/projectlombok/lombok/1.18.32/lombok-1.18.32.jar:/Users/shivaramakrishnan/.m2/repository/org/springframework/boot/spring-boot-starter-test/3.2.6/spring-boot-starter-test-3.2.6.jar:/Users/shivaramakrishnan/.m2/repository/org/springframework/boot/spring-boot-test/3.2.6/spring-boot-test-3.2.6.jar:/Users/shivaramakrishnan/.m2/repository/org/springframework/boot/spring-boot-test-autoconfigure/3.2.6/spring-boot-test-autoconfigure-3.2.6.jar:/Users/shivaramakrishnan/.m2/repository/com/jayway/jsonpath/json-path/2.9.0/json-path-2.9.0.jar:/Users/shivaramakrishnan/.m2/repository/jakarta/xml/bind/jakarta.xml.bind-api/4.0.2/jakarta.xml.bind-api-4.0.2.jar:/Users/shivaramakrishnan/.m2/repository/jakarta/activation/jakarta.activation-api/2.1.3/jakarta.activation-api-2.1.3.jar:/Users/shivaramakrishnan/.m2/repository/net/minidev/json-smart/2.5.1/json-smart-2.5.1.jar:/Users/shivaramakrishnan/.m2/repository/net/minidev/accessors-smart/2.5.1/accessors-smart-2.5.1.jar:/Users/shivaramakrishnan/.m2/repository/org/ow2/asm/asm/9.6/asm-9.6.jar:/Users/shivaramakrishnan/.m2/repository/org/assertj/assertj-core/3.24.2/assertj-core-3.24.2.jar:/Users/shivaramakrishnan/.m2/repository/org/awaitility/awaitility/4.2.1/awaitility-4.2.1.jar:/Users/shivaramakrishnan/.m2/repository/org/hamcrest/hamcrest/2.2/hamcrest-2.2.jar:/Users/shivaramakrishnan/.m2/repository/org/junit/jupiter/junit-jupiter/5.10.2/junit-jupiter-5.10.2.jar:/Users/shivaramakrishnan/.m2/repository/org/junit/jupiter/junit-jupiter-api/5.10.2/junit-jupiter-api-5.10.2.jar:/Users/shivaramakrishnan/.m2/repository/org/opentest4j/opentest4j/1.3.0/opentest4j-1.3.0.jar:/Users/shivaramakrishnan/.m2/repository/org/junit/platform/junit-platform-commons/1.10.2/junit-platform-commons-1.10.2.jar:/Users/shivaramakrishnan/.m2/repository/org/apiguardian/apiguardian-api/1.1.2/apiguardian-api-1.1.2.jar:/Users/shivaramakrishnan/.m2/repository/org/junit/jupiter/junit-jupiter-params/5.10.2/junit-jupiter-params-5.10.2.jar:/Users/shivaramakrishnan/.m2/repository/org/junit/jupiter/junit-jupiter-engine/5.10.2/junit-jupiter-engine-5.10.2.jar:/Users/shivaramakrishnan/.m2/repository/org/junit/platform/junit-platform-engine/1.10.2/junit-platform-engine-1.10.2.jar:/Users/shivaramakrishnan/.m2/repository/org/mockito/mockito-core/5.7.0/mockito-core-5.7.0.jar:/Users/shivaramakrishnan/.m2/repository/net/bytebuddy/byte-buddy-agent/1.14.16/byte-buddy-agent-1.14.16.jar:/Users/shivaramakrishnan/.m2/repository/org/objenesis/objenesis/3.3/objenesis-3.3.jar:/Users/shivaramakrishnan/.m2/repository/org/mockito/mockito-junit-jupiter/5.7.0/mockito-junit-jupiter-5.7.0.jar:/Users/shivaramakrishnan/.m2/repository/org/skyscreamer/jsonassert/1.5.1/jsonassert-1.5.1.jar:/Users/shivaramakrishnan/.m2/repository/com/vaadin/external/google/android-json/0.0.20131108.vaadin1/android-json-0.0.20131108.vaadin1.jar:/Users/shivaramakrishnan/.m2/repository/org/springframework/spring-core/6.1.8/spring-core-6.1.8.jar:/Users/shivaramakrishnan/.m2/repository/org/springframework/spring-jcl/6.1.8/spring-jcl-6.1.8.jar:/Users/shivaramakrishnan/.m2/repository/org/springframework/spring-test/6.1.8/spring-test-6.1.8.jar:/Users/shivaramakrishnan/.m2/repository/org/xmlunit/xmlunit-core/2.9.1/xmlunit-core-2.9.1.jar:, sun.cpu.endian=little, hibernate.cdi.extensions=true, user.home=/Users/shivaramakrishnan, user.language=en, java.specification.vendor=Oracle Corporation, java.version.date=2024-04-16, java.home=/Library/Java/JavaVirtualMachines/jdk-22.jdk/Contents/Home, file.separator=/, basedir=/Users/shivaramakrishnan/Desktop/Projects/Java_Projects/Customer_Relationship_Management_System/CustomerRelationshipManagementSystem, java.vm.compressedOopsMode=Zero based, line.separator=
[...]
	at org.junit.platform.engine.support.hierarchical.NodeTestTask.lambda$prepare$2(NodeTestTask.java:123)
	at org.junit.platform.engine.support.hierarchical.ThrowableCollector.execute(ThrowableCollector.java:73)
	at org.junit.platform.engine.support.hierarchical.NodeTestTask.prepare(NodeTestTask.java:123)
	at org.junit.platform.engine.support.hierarchical.NodeTestTask.execute(NodeTestTask.java:90)
	at java.base/java.util.ArrayList.forEach(ArrayList.java:1597)
	at org.junit.platform.engine.support.hierarchical.SameThreadHierarchicalTestExecutorService.invokeAll(SameThreadHierarchicalTestExecutorService.java:41)
	at org.junit.platform.engine.support.hierarchical.NodeTestTask.lambda$executeRecursively$6(NodeTestTask.java:155)
	at org.junit.platform.engine.support.hierarchical.ThrowableCollector.execute(ThrowableCollector.java:73)
	at org.junit.platform.engine.support.hierarchical.NodeTestTask.lambda$executeRecursively$8(NodeTestTask.java:141)
	at org.junit.platform.engine.support.hierarchical.Node.around(Node.java:137)
	at org.junit.platform.engine.support.hierarchical.NodeTestTask.lambda$executeRecursively$9(NodeTestTask.java:139)
	at org.junit.platform.engine.support.hierarchical.ThrowableCollector.execute(ThrowableCollector.java:73)
	at org.junit.platform.engine.support.hierarchical.NodeTestTask.executeRecursively(NodeTestTask.java:138)
	at org.junit.platform.engine.support.hierarchical.NodeTestTask.execute(NodeTestTask.java:95)
	at java.base/java.util.ArrayList.forEach(ArrayList.java:1597)
	at org.junit.platform.engine.support.hierarchical.SameThreadHierarchicalTestExecutorService.invokeAll(SameThreadHierarchicalTestExecutorService.java:41)
	at org.junit.platform.engine.support.hierarchical.NodeTestTask.lambda$executeRecursively$6(NodeTestTask.java:155)
	at org.junit.platform.engine.support.hierarchical.ThrowableCollector.execute(ThrowableCollector.java:73)
	at org.junit.platform.engine.support.hierarchical.NodeTestTask.lambda$executeRecursively$8(NodeTestTask.java:141)
	at org.junit.platform.engine.support.hierarchical.Node.around(Node.java:137)
	at org.junit.platform.engine.support.hierarchical.NodeTestTask.lambda$executeRecursively$9(NodeTestTask.java:139)
	at org.junit.platform.engine.support.hierarchical.ThrowableCollector.execute(ThrowableCollector.java:73)
	at org.junit.platform.engine.support.hierarchical.NodeTestTask.executeRecursively(NodeTestTask.java:138)
	at org.junit.platform.engine.support.hierarchical.NodeTestTask.execute(NodeTestTask.java:95)
	at org.junit.platform.engine.support.hierarchical.SameThreadHierarchicalTestExecutorService.submit(SameThreadHierarchicalTestExecutorService.java:35)
	at org.junit.platform.engine.support.hierarchical.HierarchicalTestExecutor.execute(HierarchicalTestExecutor.java:57)
	at org.junit.platform.engine.support.hierarchical.HierarchicalTestEngine.execute(HierarchicalTestEngine.java:54)
	at org.junit.platform.launcher.core.EngineExecutionOrchestrator.execute(EngineExecutionOrchestrator.java:198)
	at org.junit.platform.launcher.core.EngineExecutionOrchestrator.execute(EngineExecutionOrchestrator.java:169)
	at org.junit.platform.launcher.core.EngineExecutionOrchestrator.execute(EngineExecutionOrchestrator.java:93)
	at org.junit.platform.launcher.core.EngineExecutionOrchestrator.lambda$execute$0(EngineExecutionOrchestrator.java:58)
	at org.junit.platform.launcher.core.EngineExecutionOrchestrator.withInterceptedStreams(EngineExecutionOrchestrator.java:141)
	at org.junit.platform.launcher.core.EngineExecutionOrchestrator.execute(EngineExecutionOrchestrator.java:57)
	at org.junit.platform.launcher.core.DefaultLauncher.execute(DefaultLauncher.java:103)
	at org.junit.platform.launcher.core.DefaultLauncher.execute(DefaultLauncher.java:85)
	at org.junit.platform.launcher.core.DelegatingLauncher.execute(DelegatingLauncher.java:47)
	at org.apache.maven.surefire.junitplatform.LazyLauncher.execute(LazyLauncher.java:56)
	at org.apache.maven.surefire.junitplatform.JUnitPlatformProvider.execute(JUnitPlatformProvider.java:184)
	at org.apache.maven.surefire.junitplatform.JUnitPlatformProvider.invokeAllTests(JUnitPlatformProvider.java:148)
	at org.apache.maven.surefire.junitplatform.JUnitPlatformProvider.invoke(JUnitPlatformProvider.java:122)
	at org.apache.maven.surefire.booter.ForkedBooter.runSuitesInProcess(ForkedBooter.java:385)
	at org.apache.maven.surefire.booter.ForkedBooter.execute(ForkedBooter.java:162)
	at org.apache.maven.surefire.booter.ForkedBooter.run(ForkedBooter.java:507)
	at org.apache.maven.surefire.booter.ForkedBooter.main(ForkedBooter.java:495)
2024-05-24 19:29:42 - 

***************************
APPLICATION FAILED TO START
***************************

Description:

Field customerService in com.CustomerRelationshipManagementSystem.controller.CustomerController required a bean of type 'com.CustomerRelationshipManagementSystem.service.CustomerService' that could not be found.

The injection point has the following annotations:
	- @org.springframework.beans.factory.annotation.Autowired(required=true)


Action:

Consider defining a bean of type 'com.CustomerRelationshipManagementSystem.service.CustomerService' in your configuration.

2024-05-24 19:29:42 - Spring test ApplicationContext cache statistics: [DefaultContextCache@c49e434 size = 0, maxSize = 32, parentContextCount = 0, hitCount = 0, missCount = 1, failureCount = 1]
2024-05-24 19:29:42 - Caught exception while allowing TestExecutionListener [org.springframework.test.context.web.ServletTestExecutionListener] to prepare test instance [com.CustomerRelationshipManagementSystem.CustomerRelationshipManagementSystemApplicationTests@32b1e906]
java.lang.IllegalStateException: Failed to load ApplicationContext for [WebMergedContextConfiguration@7615666e testClass = com.CustomerRelationshipManagementSystem.CustomerRelationshipManagementSystemApplicationTests, locations = [], classes = [com.CustomerRelationshipManagementSystem.CustomerRelationshipManagementSystemApplication], contextInitializerClasses = [], activeProfiles = [], propertySourceDescriptors = [], propertySourceProperties = ["org.springframework.boot.test.context.SpringBootTestContextBootstrapper=true"], contextCustomizers = [org.springframework.boot.test.context.filter.ExcludeFilterContextCustomizer@181e731e, org.springframework.boot.test.json.DuplicateJsonObjectContextCustomizerFactory$DuplicateJsonObjectContextCustomizer@17d88132, org.springframework.boot.test.mock.mockito.MockitoContextCustomizer@0, org.springframework.boot.test.web.client.TestRestTemplateContextCustomizer@3403e2ac, org.springframework.boot.test.autoconfigure.actuate.observability.ObservabilityContextCustomizerFactory$DisableObservabilityContextCustomizer@1f, org.springframework.boot.test.autoconfigure.properties.PropertyMappingContextCustomizer@0, org.springframework.boot.test.autoconfigure.web.servlet.WebDriverContextCustomizer@d41f816, org.springframework.boot.test.context.SpringBootTestAnnotation@90c5503d], resourceBasePath = "src/main/webapp", contextLoader = org.springframework.boot.test.context.SpringBootContextLoader, parent = null]
	at org.springframework.test.context.cache.DefaultCacheAwareContextLoaderDelegate.loadContext(DefaultCacheAwareContextLoaderDelegate.java:180)
	at org.springframework.test.context.support.DefaultTestContext.getApplicationContext(DefaultTestContext.java:130)
	at org.springframework.test.context.web.ServletTestExecutionListener.setUpRequestContextIfNecessary(ServletTestExecutionListener.java:191)
	at org.springframework.test.context.web.ServletTestExecutionListener.prepareTestInstance(ServletTestExecutionListener.java:130)
	at org.springframework.test.context.TestContextManager.prepareTestInstance(TestContextManager.java:260)
	at org.springframework.test.context.junit.jupiter.SpringExtension.postProcessTestInstance(SpringExtension.java:163)
	at org.junit.jupiter.engine.descriptor.ClassBasedTestDescriptor.lambda$invokeTestInstancePostProcessors$10(ClassBasedTestDescriptor.java:378)
	at org.junit.jupiter.engine.descriptor.ClassBasedTestDescriptor.executeAndMaskThrowable(ClassBasedTestDescriptor.java:383)
	at org.junit.jupiter.engine.descriptor.ClassBasedTestDescriptor.lambda$invokeTestInstancePostProcessors$11(ClassBasedTestDescriptor.java:378)
	at java.base/java.util.stream.ReferencePipeline$3$1.accept(ReferencePipeline.java:212)
	at java.base/java.util.stream.ReferencePipeline$2$1.accept(ReferencePipeline.java:194)
	at java.base/java.util.ArrayList$ArrayListSpliterator.forEachRemaining(ArrayList.java:1709)
	at java.base/java.util.stream.AbstractPipeline.copyInto(AbstractPipeline.java:556)
	at java.base/java.util.stream.AbstractPipeline.wrapAndCopyInto(AbstractPipeline.java:546)
	at java.base/java.util.stream.StreamSpliterators$WrappingSpliterator.forEachRemaining(StreamSpliterators.java:310)
	at java.base/java.util.stream.Streams$ConcatSpliterator.forEachRemaining(Streams.java:735)
	at java.base/java.util.stream.Streams$ConcatSpliterator.forEachRemaining(Streams.java:734)
	at java.base/java.util.stream.ReferencePipeline$Head.forEach(ReferencePipeline.java:782)
	at org.junit.jupiter.engine.descriptor.ClassBasedTestDescriptor.invokeTestInstancePostProcessors(ClassBasedTestDescriptor.java:377)
	at org.junit.jupiter.engine.descriptor.ClassBasedTestDescriptor.lambda$instantiateAndPostProcessTestInstance$6(ClassBasedTestDescriptor.java:290)
	at org.junit.platform.engine.support.hierarchical.ThrowableCollector.execute(ThrowableCollector.java:73)
	at org.junit.jupiter.engine.descriptor.ClassBasedTestDescriptor.instantiateAndPostProcessTestInstance(ClassBasedTestDescriptor.java:289)
	at org.junit.jupiter.engine.descriptor.ClassBasedTestDescriptor.lambda$testInstancesProvider$4(ClassBasedTestDescriptor.java:279)
	at java.base/java.util.Optional.orElseGet(Optional.java:364)
	at org.junit.jupiter.engine.descriptor.ClassBasedTestDescriptor.lambda$testInstancesProvider$5(ClassBasedTestDescriptor.java:278)
	at org.junit.jupiter.engine.execution.TestInstancesProvider.getTestInstances(TestInstancesProvider.java:31)
	at org.junit.jupiter.engine.descriptor.TestMethodTestDescriptor.lambda$prepare$0(TestMethodTestDescriptor.java:106)
	at org.junit.platform.engine.support.hierarchical.ThrowableCollector.execute(ThrowableCollector.java:73)
	at org.junit.jupiter.engine.descriptor.TestMethodTestDescriptor.prepare(TestMethodTestDescriptor.java:105)
	at org.junit.jupiter.engine.descriptor.TestMethodTestDescriptor.prepare(TestMethodTestDescriptor.java:69)
	at org.junit.platform.engine.support.hierarchical.NodeTestTask.lambda$prepare$2(NodeTestTask.java:123)
	at org.junit.platform.engine.support.hierarchical.ThrowableCollector.execute(ThrowableCollector.java:73)
	at org.junit.platform.engine.support.hierarchical.NodeTestTask.prepare(NodeTestTask.java:123)
	at org.junit.platform.engine.support.hierarchical.NodeTestTask.execute(NodeTestTask.java:90)
	at java.base/java.util.ArrayList.forEach(ArrayList.java:1597)
	at org.junit.platform.engine.support.hierarchical.SameThreadHierarchicalTestExecutorService.invokeAll(SameThreadHierarchicalTestExecutorService.java:41)
	at org.junit.platform.engine.support.hierarchical.NodeTestTask.lambda$executeRecursively$6(NodeTestTask.java:155)
	at org.junit.platform.engine.support.hierarchical.ThrowableCollector.execute(ThrowableCollector.java:73)
	at org.junit.platform.engine.support.hierarchical.NodeTestTask.lambda$executeRecursively$8(NodeTestTask.java:141)
	at org.junit.platform.engine.support.hierarchical.Node.around(Node.java:137)
	at org.junit.platform.engine.support.hierarchical.NodeTestTask.lambda$executeRecursively$9(NodeTestTask.java:139)
	at org.junit.platform.engine.support.hierarchical.ThrowableCollector.execute(ThrowableCollector.java:73)
	at org.junit.platform.engine.support.hierarchical.NodeTestTask.executeRecursively(NodeTestTask.java:138)
	at org.junit.platform.engine.support.hierarchical.NodeTestTask.execute(NodeTestTask.java:95)
	at java.base/java.util.ArrayList.forEach(ArrayList.java:1597)
	at org.junit.platform.engine.support.hierarchical.SameThreadHierarchicalTestExecutorService.invokeAll(SameThreadHierarchicalTestExecutorService.java:41)
	at org.junit.platform.engine.support.hierarchical.NodeTestTask.lambda$executeRecursively$6(NodeTestTask.java:155)
	at org.junit.platform.engine.support.hierarchical.ThrowableCollector.execute(ThrowableCollector.java:73)
	at org.junit.platform.engine.support.hierarchical.NodeTestTask.lambda$executeRecursively$8(NodeTestTask.java:141)
	at org.junit.platform.engine.support.hierarchical.Node.around(Node.java:137)
	at org.junit.platform.engine.support.hierarchical.NodeTestTask.lambda$executeRecursively$9(NodeTestTask.java:139)
	at org.junit.platform.engine.support.hierarchical.ThrowableCollector.execute(ThrowableCollector.java:73)
	at org.junit.platform.engine.support.hierarchical.NodeTestTask.executeRecursively(NodeTestTask.java:138)
	at org.junit.platform.engine.support.hierarchical.NodeTestTask.execute(NodeTestTask.java:95)
	at org.junit.platform.engine.support.hierarchical.SameThreadHierarchicalTestExecutorService.submit(SameThreadHierarchicalTestExecutorService.java:35)
	at org.junit.platform.engine.support.hierarchical.HierarchicalTestExecutor.execute(HierarchicalTestExecutor.java:57)
	at org.junit.platform.engine.support.hierarchical.HierarchicalTestEngine.execute(HierarchicalTestEngine.java:54)
	at org.junit.platform.launcher.core.EngineExecutionOrchestrator.execute(EngineExecutionOrchestrator.java:198)
	at org.junit.platform.launcher.core.EngineExecutionOrchestrator.execute(EngineExecutionOrchestrator.java:169)
	at org.junit.platform.launcher.core.EngineExecutionOrchestrator.execute(EngineExecutionOrchestrator.java:93)
	at org.junit.platform.launcher.core.EngineExecutionOrchestrator.lambda$execute$0(EngineExecutionOrchestrator.java:58)
	at org.junit.platform.launcher.core.EngineExecutionOrchestrator.withInterceptedStreams(EngineExecutionOrchestrator.java:141)
	at org.junit.platform.launcher.core.EngineExecutionOrchestrator.execute(EngineExecutionOrchestrator.java:57)
	at org.junit.platform.launcher.core.DefaultLauncher.execute(DefaultLauncher.java:103)
	at org.junit.platform.launcher.core.DefaultLauncher.execute(DefaultLauncher.java:85)
	at org.junit.platform.launcher.core.DelegatingLauncher.execute(DelegatingLauncher.java:47)
	at org.apache.maven.surefire.junitplatform.LazyLauncher.execute(LazyLauncher.java:56)
	at org.apache.maven.surefire.junitplatform.JUnitPlatformProvider.execute(JUnitPlatformProvider.java:184)
	at org.apache.maven.surefire.junitplatform.JUnitPlatformProvider.invokeAllTests(JUnitPlatformProvider.java:148)
	at org.apache.maven.surefire.junitplatform.JUnitPlatformProvider.invoke(JUnitPlatformProvider.java:122)
	at org.apache.maven.surefire.booter.ForkedBooter.runSuitesInProcess(ForkedBooter.java:385)
	at org.apache.maven.surefire.booter.ForkedBooter.execute(ForkedBooter.java:162)
	at org.apache.maven.surefire.booter.ForkedBooter.run(ForkedBooter.java:507)
	at org.apache.maven.surefire.booter.ForkedBooter.main(ForkedBooter.java:495)
Caused by: org.springframework.beans.factory.UnsatisfiedDependencyException: Error creating bean with name 'customerController': Unsatisfied dependency expressed through field 'customerService': No qualifying bean of type 'com.CustomerRelationshipManagementSystem.service.CustomerService' available: expected at least 1 bean which qualifies as autowire candidate. Dependency annotations: {@org.springframework.beans.factory.annotation.Autowired(required=true)}
	at org.springframework.beans.factory.annotation.AutowiredAnnotationBeanPostProcessor$AutowiredFieldElement.resolveFieldValue(AutowiredAnnotationBeanPostProcessor.java:787)
	at org.springframework.beans.factory.annotation.AutowiredAnnotationBeanPostProcessor$AutowiredFieldElement.inject(AutowiredAnnotationBeanPostProcessor.java:767)
	at org.springframework.beans.factory.annotation.InjectionMetadata.inject(InjectionMetadata.java:145)
	at org.springframework.beans.factory.annotation.AutowiredAnnotationBeanPostProcessor.postProcessProperties(AutowiredAnnotationBeanPostProcessor.java:508)
	at org.springframework.beans.factory.support.AbstractAutowireCapableBeanFactory.populateBean(AbstractAutowireCapableBeanFactory.java:1421)
	at org.springframework.beans.factory.support.AbstractAutowireCapableBeanFactory.doCreateBean(AbstractAutowireCapableBeanFactory.java:599)
	at org.springframework.beans.factory.support.AbstractAutowireCapableBeanFactory.createBean(AbstractAutowireCapableBeanFactory.java:522)
	at org.springframework.beans.factory.support.AbstractBeanFactory.lambda$doGetBean$0(AbstractBeanFactory.java:337)
	at org.springframework.beans.factory.support.DefaultSingletonBeanRegistry.getSingleton(DefaultSingletonBeanRegistry.java:234)
	at org.springframework.beans.factory.support.AbstractBeanFactory.doGetBean(AbstractBeanFactory.java:335)
	at org.springframework.beans.factory.support.AbstractBeanFactory.getBean(AbstractBeanFactory.java:200)
	at org.springframework.beans.factory.support.DefaultListableBeanFactory.preInstantiateSingletons(DefaultListableBeanFactory.java:975)
	at org.springframework.context.support.AbstractApplicationContext.finishBeanFactoryInitialization(AbstractApplicationContext.java:962)
	at org.springframework.context.support.AbstractApplicationContext.refresh(AbstractApplicationContext.java:624)
	at org.springframework.boot.SpringApplication.refresh(SpringApplication.java:754)
	at org.springframework.boot.SpringApplication.refreshContext(SpringApplication.java:456)
	at org.springframework.boot.SpringApplication.run(SpringApplication.java:335)
	at org.springframework.boot.test.context.SpringBootContextLoader.lambda$loadContext$3(SpringBootContextLoader.java:137)
	at org.springframework.util.function.ThrowingSupplier.get(ThrowingSupplier.java:58)
	at org.springframework.util.function.ThrowingSupplier.get(ThrowingSupplier.java:46)
	at org.springframework.boot.SpringApplication.withHook(SpringApplication.java:1463)
	at org.springframework.boot.test.context.SpringBootContextLoader$ContextLoaderHook.run(SpringBootContextLoader.java:553)
	at org.springframework.boot.test.context.SpringBootContextLoader.loadContext(SpringBootContextLoader.java:137)
	at org.springframework.boot.test.context.SpringBootContextLoader.loadContext(SpringBootContextLoader.java:108)
	at org.springframework.test.context.cache.DefaultCacheAwareContextLoaderDelegate.loadContextInternal(DefaultCacheAwareContextLoaderDelegate.java:225)
	at org.springframework.test.context.cache.DefaultCacheAwareContextLoaderDelegate.loadContext(DefaultCacheAwareContextLoaderDelegate.java:152)
	... 73 common frames omitted
Caused by: org.springframework.beans.factory.NoSuchBeanDefinitionException: No qualifying bean of type 'com.CustomerRelationshipManagementSystem.service.CustomerService' available: expected at least 1 bean which qualifies as autowire candidate. Dependency annotations: {@org.springframework.beans.factory.annotation.Autowired(required=true)}
	at org.springframework.beans.factory.support.DefaultListableBeanFactory.raiseNoMatchingBeanFound(DefaultListableBeanFactory.java:1880)
	at org.springframework.beans.factory.support.DefaultListableBeanFactory.doResolveDependency(DefaultListableBeanFactory.java:1406)
	at org.springframework.beans.factory.support.DefaultListableBeanFactory.resolveDependency(DefaultListableBeanFactory.java:1353)
	at org.springframework.beans.factory.annotation.AutowiredAnnotationBeanPostProcessor$AutowiredFieldElement.resolveFieldValue(AutowiredAnnotationBeanPostProcessor.java:784)
	... 98 common frames omitted
]]></system-out>
    <system-err><![CDATA[


============================
CONDITIONS EVALUATION REPORT
============================


Positive matches:
-----------------

    None


Negative matches:
-----------------

    None


Exclusions:
-----------

    None


Unconditional classes:
----------------------

    None



]]></system-err>
  </testcase>
</testsuite>